 ******* Program HYDRUS
 ******* 
 Replicate Fairfield dual perm model using runhydrus, add artificial KBr 
 Date:  27. 3.2026    Time:  15: 7:17
 Units: L = cm   , T = days , M = mmol 
 
 CosAlf,MaxIt,TolTh,  TolH
 1.000   10   0.001 1.00000
 
 TopInF,BotInF,AtmBC,SinkF,WLayer,qGWLF,FreeD,SeepF,lWat,lChem,lTemp,lRoot,lWDep
     T     F     T     T     F     F     T     F     T     T     F     T     F

Nodal point information

node      x         hOld    MatN LayN  Beta      Ah       AK      ATh     Temp    Conc(1...NS)         Sorb(1...NS)

   1      0.000   -150.000    1    1   0.000    1.000    1.000    1.000    2.00
   2      0.000   -150.000    1    1   0.000    1.000    1.000    1.000    0.00
   3     -3.500   -150.000    1    1   0.000    1.000    1.000    1.000    4.00
   4      0.000   -150.000    1    1   0.000    1.000    1.000    1.000    0.00
   5     -7.000   -150.000    1    1   0.000    1.000    1.000    1.000    6.00
   6      0.000   -150.000    1    1   0.000    1.000    1.000    1.000    0.00
   7    -10.500   -150.000    2    1   0.000    1.000    1.000    1.000    8.00
   8      0.000   -150.000    2    1   0.000    1.000    1.000    1.000    0.00
   9    -14.000   -150.000    2    1   0.000    1.000    1.000    1.000   10.00
  10      0.000   -150.000    2    1   0.000    1.000    1.000    1.000    0.00
  11    -17.500   -150.000    2    1   0.000    1.000    1.000    1.000   12.00
  12      0.000   -150.000    2    1   0.000    1.000    1.000    1.000    0.00
  13    -21.000   -150.000    2    1   0.000    1.000    1.000    1.000   14.00
  14      0.000   -150.000    2    1   0.000    1.000    1.000    1.000    0.00
  15    -24.500   -150.000    2    1   0.000    1.000    1.000    1.000   16.00
  16      0.000   -150.000    2    1   0.000    1.000    1.000    1.000    0.00
  17    -28.000   -150.000    2    1   0.000    1.000    1.000    1.000   18.00
  18      0.000   -150.000    2    1   0.000    1.000    1.000    1.000    0.00
  19    -31.500   -150.000    2    1   0.000    1.000    1.000    1.000   20.00
  20      0.000   -150.000    2    1   0.000    1.000    1.000    1.000    0.00
  21    -35.000   -150.000    2    1   0.000    1.000    1.000    1.000   22.00
  22      0.000   -150.000    2    1   0.000    1.000    1.000    1.000    0.00
  23    -38.500   -150.000    2    1   0.000    1.000    1.000    1.000   24.00
  24      0.000   -150.000    2    1   0.000    1.000    1.000    1.000    0.00
  25    -42.000   -150.000    2    1   0.000    1.000    1.000    1.000   26.00
  26      0.000   -150.000    2    1   0.000    1.000    1.000    1.000    0.00
  27    -45.500   -150.000    2    1   0.000    1.000    1.000    1.000   28.00
  28      0.000   -150.000    2    1   0.000    1.000    1.000    1.000    0.00
  29    -49.000   -150.000    2    1   0.000    1.000    1.000    1.000   30.00
  30      0.000   -150.000    2    1   0.000    1.000    1.000    1.000    0.00
  31    -52.500   -150.000    2    1   0.000    1.000    1.000    1.000   32.00
  32      0.000   -150.000    2    1   0.000    1.000    1.000    1.000    0.00
  33    -56.000   -150.000    2    1   0.000    1.000    1.000    1.000   34.00
  34      0.000   -150.000    2    1   0.000    1.000    1.000    1.000    0.00
  35    -59.500   -150.000    2    1   0.000    1.000    1.000    1.000   36.00
  36      0.000   -150.000    2    1   0.000    1.000    1.000    1.000    0.00
  37    -63.000   -150.000    2    1   0.000    1.000    1.000    1.000   38.00
  38      0.000   -150.000    2    1   0.000    1.000    1.000    1.000    0.00
  39    -66.500   -150.000    2    1   0.000    1.000    1.000    1.000   40.00
  40      0.000   -150.000    2    1   0.000    1.000    1.000    1.000    0.00
  41    -70.000   -150.000    2    1   0.000    1.000    1.000    1.000   42.00
  42      0.000   -150.000    2    1   0.000    1.000    1.000    1.000    0.00
  43    -73.500   -150.000    2    1   0.000    1.000    1.000    1.000   44.00
  44      0.000   -150.000    2    1   0.000    1.000    1.000    1.000    0.00
  45    -77.000   -150.000    2    1   0.000    1.000    1.000    1.000   46.00
  46      0.000   -150.000    2    1   0.000    1.000    1.000    1.000    0.00
  47    -80.500   -150.000    2    1   0.000    1.000    1.000    1.000   48.00
  48      0.000   -150.000    2    1   0.000    1.000    1.000    1.000    0.00
  49    -84.000   -150.000    2    1   0.000    1.000    1.000    1.000   50.00
  50      0.000   -150.000    2    1   0.000    1.000    1.000    1.000    0.00
  51    -87.500   -150.000    2    1   0.000    1.000    1.000    1.000   52.00
  52      0.000   -150.000    2    1   0.000    1.000    1.000    1.000    0.00
  53    -91.000   -150.000    2    1   0.000    1.000    1.000    1.000   54.00
  54      0.000   -150.000    2    1   0.000    1.000    1.000    1.000    0.00
  55    -94.500   -150.000    2    1   0.000    1.000    1.000    1.000   56.00
  56      0.000   -150.000    2    1   0.000    1.000    1.000    1.000    0.00
  57    -98.000   -150.000    2    1   0.000    1.000    1.000    1.000   58.00
  58      0.000   -150.000    2    1   0.000    1.000    1.000    1.000    0.00
  59   -101.500   -150.000    2    1   0.000    1.000    1.000    1.000   60.00
  60      0.000   -150.000    2    1   0.000    1.000    1.000    1.000    0.00
  61   -105.000   -150.000    2    1   0.000    1.000    1.000    1.000   62.00
  62      0.000   -150.000    2    1   0.000    1.000    1.000    1.000    0.00
  63   -108.500   -150.000    2    1   0.000    1.000    1.000    1.000   64.00
  64      0.000   -150.000    2    1   0.000    1.000    1.000    1.000    0.00
  65   -112.000   -150.000    2    1   0.000    1.000    1.000    1.000   66.00
  66      0.000   -150.000    2    1   0.000    1.000    1.000    1.000    0.00
  67   -115.500   -150.000    2    1   0.000    1.000    1.000    1.000   68.00
  68      0.000   -150.000    2    1   0.000    1.000    1.000    1.000    0.00
  69   -119.000   -150.000    2    1   0.000    1.000    1.000    1.000   70.00
  70      0.000   -150.000    2    1   0.000    1.000    1.000    1.000    0.00
  71   -122.500   -150.000    2    1   0.000    1.000    1.000    1.000   72.00
  72      0.000   -150.000    2    1   0.000    1.000    1.000    1.000    0.00
  73   -126.000   -150.000    2    1   0.000    1.000    1.000    1.000   74.00
  74      0.000   -150.000    2    1   0.000    1.000    1.000    1.000    0.00
  75   -129.500   -150.000    2    1   0.000    1.000    1.000    1.000   76.00
  76      0.000   -150.000    2    1   0.000    1.000    1.000    1.000    0.00
  77   -133.000   -150.000    2    1   0.000    1.000    1.000    1.000   78.00
  78      0.000   -150.000    2    1   0.000    1.000    1.000    1.000    0.00
  79   -136.500   -150.000    2    1   0.000    1.000    1.000    1.000   80.00
  80      0.000   -150.000    2    1   0.000    1.000    1.000    1.000    0.00
  81   -140.000   -150.000    2    1   0.000    1.000    1.000    1.000   82.00
  82      0.000   -150.000    2    1   0.000    1.000    1.000    1.000    0.00
  83   -143.500   -150.000    2    1   0.000    1.000    1.000    1.000   84.00
  84      0.000   -150.000    2    1   0.000    1.000    1.000    1.000    0.00
  85   -147.000   -150.000    2    1   0.000    1.000    1.000    1.000   86.00
  86      0.000   -150.000    2    1   0.000    1.000    1.000    1.000    0.00
  87   -150.500   -150.000    2    1   0.000    1.000    1.000    1.000   88.00
  88      0.000   -150.000    2    1   0.000    1.000    1.000    1.000    0.00
  89   -154.000   -150.000    3    1   0.000    1.000    1.000    1.000   90.00
  90      0.000   -150.000    3    1   0.000    1.000    1.000    1.000    0.00
  91   -157.500   -150.000    3    1   0.000    1.000    1.000    1.000   92.00
  92      0.000   -150.000    3    1   0.000    1.000    1.000    1.000    0.00
  93   -161.000   -150.000    3    1   0.000    1.000    1.000    1.000   94.00
  94      0.000   -150.000    3    1   0.000    1.000    1.000    1.000    0.00
  95   -164.500   -150.000    3    1   0.000    1.000    1.000    1.000   96.00
  96      0.000   -150.000    3    1   0.000    1.000    1.000    1.000    0.00
  97   -168.000   -150.000    3    1   0.000    1.000    1.000    1.000   98.00
  98      0.000   -150.000    3    1   0.000    1.000    1.000    1.000    0.00
  99   -171.500   -150.000    3    1   0.000    1.000    1.000    1.000  100.00
 100      0.000   -150.000    3    1   0.000    1.000    1.000    1.000    0.00
 101   -175.000   -150.000    3    1   0.000    1.000    1.000    1.000   10.00
end

 Number of species in the chain :   0
