

   Time      sum(rTop)  sum(rRoot) sum(vTop)  sum(vRoot) sum(vBot)    hTop       hRoot      hBot      A-level
    [T]        [L]        [L]        [L]        [L]        [L]        [L]         [L]       [L] 

     1.00000  0.392E-01  0.000E+00  0.334E-01  0.000E+00 -0.136E-02 -0.186E+03  0.000E+00 -0.150E+03       1
     2.00000  0.901E-01  0.000E+00  0.766E-01  0.000E+00 -0.272E-02 -0.223E+03  0.000E+00 -0.150E+03       2
     3.00000  0.131E+00  0.000E+00  0.112E+00  0.000E+00 -0.410E-02 -0.242E+03  0.000E+00 -0.150E+03       3
     4.00000  0.171E+00  0.000E+00  0.146E+00  0.000E+00 -0.551E-02 -0.263E+03  0.000E+00 -0.150E+03       4
     5.00000  0.203E+00  0.000E+00  0.173E+00  0.000E+00 -0.704E-02 -0.271E+03  0.000E+00 -0.149E+03       5
     6.00000  0.256E+00  0.000E+00  0.218E+00  0.000E+00 -0.869E-02 -0.332E+03  0.000E+00 -0.148E+03       6
     7.00000  0.135E+00  0.000E+00  0.115E+00  0.000E+00 -0.104E-01 -0.137E+03  0.000E+00 -0.147E+03       7
     8.00000  0.137E+00  0.000E+00  0.116E+00  0.000E+00 -0.123E-01 -0.174E+03  0.000E+00 -0.146E+03       8
     9.00000  0.142E+00  0.000E+00  0.120E+00  0.000E+00 -0.144E-01 -0.183E+03  0.000E+00 -0.145E+03       9
    10.00000  0.171E+00  0.000E+00  0.146E+00  0.000E+00 -0.168E-01 -0.213E+03  0.000E+00 -0.143E+03      10
    11.00000  0.210E+00  0.000E+00  0.178E+00  0.000E+00 -0.193E-01 -0.245E+03  0.000E+00 -0.142E+03      11
    12.00000  0.255E+00  0.000E+00  0.217E+00  0.000E+00 -0.221E-01 -0.288E+03  0.000E+00 -0.141E+03      12
    13.00000  0.294E+00  0.000E+00  0.250E+00  0.000E+00 -0.251E-01 -0.314E+03  0.000E+00 -0.139E+03      13
    14.00000  0.305E+00  0.000E+00  0.259E+00  0.000E+00 -0.283E-01 -0.280E+03  0.000E+00 -0.138E+03      14
    15.00000  0.337E+00  0.000E+00  0.287E+00  0.000E+00 -0.316E-01 -0.313E+03  0.000E+00 -0.137E+03      15
    16.00000  0.348E+00  0.000E+00  0.296E+00  0.000E+00 -0.352E-01 -0.288E+03  0.000E+00 -0.136E+03      16
    17.00000  0.377E+00  0.000E+00  0.320E+00  0.000E+00 -0.389E-01 -0.318E+03  0.000E+00 -0.135E+03      17
    18.00000  0.388E+00  0.000E+00  0.330E+00  0.000E+00 -0.428E-01 -0.298E+03  0.000E+00 -0.134E+03      18
    19.00000  0.421E+00  0.000E+00  0.358E+00  0.000E+00 -0.468E-01 -0.344E+03  0.000E+00 -0.133E+03      19
    20.00000  0.441E+00  0.000E+00  0.375E+00  0.000E+00 -0.510E-01 -0.338E+03  0.000E+00 -0.132E+03      20
    21.00000  0.445E+00  0.000E+00  0.378E+00  0.000E+00 -0.553E-01 -0.301E+03  0.000E+00 -0.131E+03      21
    22.00000  0.449E+00  0.000E+00  0.381E+00  0.000E+00 -0.597E-01 -0.286E+03  0.000E+00 -0.130E+03      22
    23.00000  0.453E+00  0.000E+00  0.385E+00  0.000E+00 -0.643E-01 -0.277E+03  0.000E+00 -0.129E+03      23
    24.00000  0.468E+00  0.000E+00  0.398E+00  0.000E+00 -0.691E-01 -0.290E+03  0.000E+00 -0.128E+03      24
    25.00000  0.471E+00  0.000E+00  0.400E+00  0.000E+00 -0.739E-01 -0.273E+03  0.000E+00 -0.127E+03      25
    26.00000  0.475E+00  0.000E+00  0.403E+00  0.000E+00 -0.788E-01 -0.268E+03  0.000E+00 -0.127E+03      26
    27.00000  0.481E+00  0.000E+00  0.409E+00  0.000E+00 -0.839E-01 -0.267E+03  0.000E+00 -0.126E+03      27
    28.00000  0.501E+00  0.000E+00  0.426E+00  0.000E+00 -0.891E-01 -0.293E+03  0.000E+00 -0.125E+03      28
    29.00000  0.507E+00  0.000E+00  0.431E+00  0.000E+00 -0.943E-01 -0.279E+03  0.000E+00 -0.125E+03      29
    30.00000  0.518E+00  0.000E+00  0.441E+00  0.000E+00 -0.997E-01 -0.285E+03  0.000E+00 -0.124E+03      30
    31.00000  0.566E+00  0.000E+00  0.481E+00  0.000E+00 -0.105E+00 -0.381E+03  0.000E+00 -0.123E+03      31
    32.00000  0.629E+00  0.000E+00  0.534E+00  0.000E+00 -0.111E+00 -0.560E+03  0.000E+00 -0.123E+03      32
    33.00000  0.465E+00  0.000E+00  0.396E+00  0.000E+00 -0.116E+00 -0.142E+03  0.000E+00 -0.122E+03      33
    34.00000  0.473E+00  0.000E+00  0.402E+00  0.000E+00 -0.122E+00 -0.206E+03  0.000E+00 -0.122E+03      34
    35.00000  0.486E+00  0.000E+00  0.413E+00  0.000E+00 -0.128E+00 -0.230E+03  0.000E+00 -0.121E+03      35
    36.00000  0.213E+00  0.000E+00  0.181E+00  0.000E+00 -0.133E+00 -0.849E+02  0.000E+00 -0.121E+03      36
    37.00000  0.217E+00  0.000E+00  0.185E+00  0.000E+00 -0.139E+00 -0.135E+03  0.000E+00 -0.120E+03      37
    38.00000  0.220E+00  0.000E+00  0.187E+00  0.000E+00 -0.146E+00 -0.149E+03  0.000E+00 -0.120E+03      38
    39.00000  0.224E+00  0.000E+00  0.190E+00  0.000E+00 -0.153E+00 -0.160E+03  0.000E+00 -0.120E+03      39
    40.00000  0.226E+00  0.000E+00  0.192E+00  0.000E+00 -0.160E+00 -0.167E+03  0.000E+00 -0.119E+03      40
    41.00000  0.228E+00  0.000E+00  0.194E+00  0.000E+00 -0.167E+00 -0.173E+03  0.000E+00 -0.119E+03      41
    42.00000  0.230E+00  0.000E+00  0.195E+00  0.000E+00 -0.175E+00 -0.178E+03  0.000E+00 -0.119E+03      42
    43.00000  0.233E+00  0.000E+00  0.198E+00  0.000E+00 -0.183E+00 -0.183E+03  0.000E+00 -0.119E+03      43
    44.00000  0.235E+00  0.000E+00  0.200E+00  0.000E+00 -0.191E+00 -0.186E+03  0.000E+00 -0.118E+03      44
    45.00000  0.237E+00  0.000E+00  0.202E+00  0.000E+00 -0.200E+00 -0.189E+03  0.000E+00 -0.118E+03      45
    46.00000  0.242E+00  0.000E+00  0.206E+00  0.000E+00 -0.208E+00 -0.194E+03  0.000E+00 -0.118E+03      46
    47.00000  0.249E+00  0.000E+00  0.211E+00  0.000E+00 -0.217E+00 -0.200E+03  0.000E+00 -0.118E+03      47
    48.00000  0.256E+00  0.000E+00  0.217E+00  0.000E+00 -0.225E+00 -0.206E+03  0.000E+00 -0.118E+03      48
    49.00000  0.270E+00  0.000E+00  0.229E+00  0.000E+00 -0.234E+00 -0.219E+03  0.000E+00 -0.118E+03      49
    50.00000  0.298E+00  0.000E+00  0.253E+00  0.000E+00 -0.243E+00 -0.246E+03  0.000E+00 -0.118E+03      50
    51.00000  0.319E+00  0.000E+00  0.271E+00  0.000E+00 -0.252E+00 -0.257E+03  0.000E+00 -0.118E+03      51
    52.00000  0.357E+00  0.000E+00  0.304E+00  0.000E+00 -0.261E+00 -0.305E+03  0.000E+00 -0.117E+03      52
    53.00000  0.405E+00  0.000E+00  0.344E+00  0.000E+00 -0.271E+00 -0.375E+03  0.000E+00 -0.117E+03      53
    54.00000  0.426E+00  0.000E+00  0.362E+00  0.000E+00 -0.280E+00 -0.353E+03  0.000E+00 -0.117E+03      54
    55.00000  0.446E+00  0.000E+00  0.379E+00  0.000E+00 -0.289E+00 -0.352E+03  0.000E+00 -0.117E+03      55
    56.00000  0.490E+00  0.000E+00  0.417E+00  0.000E+00 -0.299E+00 -0.444E+03  0.000E+00 -0.117E+03      56
    57.00000  0.517E+00  0.000E+00  0.439E+00  0.000E+00 -0.308E+00 -0.443E+03  0.000E+00 -0.117E+03      57
    58.00000  0.529E+00  0.000E+00  0.450E+00  0.000E+00 -0.317E+00 -0.400E+03  0.000E+00 -0.117E+03      58
    59.00000  0.567E+00  0.000E+00  0.482E+00  0.000E+00 -0.327E+00 -0.491E+03  0.000E+00 -0.117E+03      59
    60.00000  0.625E+00  0.000E+00  0.531E+00  0.000E+00 -0.336E+00 -0.737E+03  0.000E+00 -0.117E+03      60
    61.00000  0.681E+00  0.000E+00  0.579E+00  0.000E+00 -0.346E+00 -0.101E+04  0.000E+00 -0.117E+03      61
    62.00000  0.731E+00  0.000E+00  0.621E+00  0.000E+00 -0.355E+00 -0.127E+04  0.000E+00 -0.117E+03      62
    63.00000  0.764E+00  0.000E+00  0.649E+00  0.000E+00 -0.365E+00 -0.124E+04  0.000E+00 -0.117E+03      63
    64.00000  0.816E+00  0.000E+00  0.694E+00  0.000E+00 -0.374E+00 -0.183E+04  0.000E+00 -0.117E+03      64
    65.00000  0.859E+00  0.000E+00  0.731E+00  0.000E+00 -0.384E+00 -0.217E+04  0.000E+00 -0.117E+03      65
    66.00000  0.893E+00  0.000E+00  0.759E+00  0.000E+00 -0.393E+00 -0.220E+04  0.000E+00 -0.117E+03      66
    67.00000  0.583E+00  0.000E+00  0.496E+00  0.000E+00 -0.403E+00 -0.120E+03  0.000E+00 -0.117E+03      67
    68.00000  0.601E+00  0.000E+00  0.511E+00  0.000E+00 -0.413E+00 -0.234E+03  0.000E+00 -0.117E+03      68
    69.00000  0.629E+00  0.000E+00  0.535E+00  0.000E+00 -0.422E+00 -0.293E+03  0.000E+00 -0.117E+03      69
    70.00000  0.658E+00  0.000E+00  0.559E+00  0.000E+00 -0.432E+00 -0.339E+03  0.000E+00 -0.117E+03      70
    71.00000  0.707E+00  0.000E+00  0.601E+00  0.000E+00 -0.441E+00 -0.459E+03  0.000E+00 -0.117E+03      71
    72.00000  0.743E+00  0.000E+00  0.631E+00  0.000E+00 -0.451E+00 -0.514E+03  0.000E+00 -0.117E+03      72
    73.00000  0.788E+00  0.000E+00  0.670E+00  0.000E+00 -0.460E+00 -0.658E+03  0.000E+00 -0.117E+03      73
    74.00000  0.822E+00  0.000E+00  0.699E+00  0.000E+00 -0.470E+00 -0.715E+03  0.000E+00 -0.117E+03      74
    75.00000  0.855E+00  0.000E+00  0.726E+00  0.000E+00 -0.479E+00 -0.781E+03  0.000E+00 -0.117E+03      75
    76.00000  0.892E+00  0.000E+00  0.758E+00  0.000E+00 -0.489E+00 -0.944E+03  0.000E+00 -0.117E+03      76
    77.00000  0.947E+00  0.000E+00  0.805E+00  0.000E+00 -0.498E+00 -0.145E+04  0.000E+00 -0.117E+03      77
    78.00000  0.101E+01  0.000E+00  0.856E+00  0.000E+00 -0.507E+00 -0.240E+04  0.000E+00 -0.117E+03      78
    79.00000  0.105E+01  0.000E+00  0.890E+00  0.000E+00 -0.517E+00 -0.263E+04  0.000E+00 -0.117E+03      79
    80.00000  0.109E+01  0.000E+00  0.927E+00  0.000E+00 -0.526E+00 -0.340E+04  0.000E+00 -0.117E+03      80
    81.00000  0.114E+01  0.000E+00  0.969E+00  0.000E+00 -0.535E+00 -0.518E+04  0.000E+00 -0.117E+03      81
    82.00000  0.116E+01  0.000E+00  0.987E+00  0.000E+00 -0.545E+00 -0.409E+04  0.000E+00 -0.117E+03      82
    83.00000  0.121E+01  0.000E+00  0.103E+01  0.000E+00 -0.554E+00 -0.789E+04  0.000E+00 -0.117E+03      83
    84.00000  0.123E+01  0.000E+00  0.105E+01  0.000E+00 -0.563E+00 -0.595E+04  0.000E+00 -0.117E+03      84
    85.00000  0.127E+01  0.000E+00  0.108E+01  0.000E+00 -0.573E+00 -0.704E+04  0.000E+00 -0.117E+03      85
    86.00000  0.132E+01  0.000E+00  0.112E+01  0.000E+00 -0.582E+00 -0.170E+05  0.000E+00 -0.117E+03      86
    87.00000  0.143E+01  0.000E+00  0.120E+01  0.000E+00 -0.591E+00 -0.100E+06  0.000E+00 -0.117E+03      87
    88.00000  0.128E+01  0.000E+00  0.107E+01  0.000E+00 -0.600E+00 -0.431E+03  0.000E+00 -0.117E+03      88
    89.00000  0.130E+01  0.000E+00  0.109E+01  0.000E+00 -0.609E+00 -0.884E+03  0.000E+00 -0.118E+03      89
    90.00000  0.135E+01  0.000E+00  0.114E+01  0.000E+00 -0.618E+00 -0.306E+04  0.000E+00 -0.118E+03      90
    91.00000  0.146E+01  0.000E+00  0.123E+01  0.000E+00 -0.627E+00 -0.362E+05  0.000E+00 -0.118E+03      91
    92.00000  0.154E+01  0.000E+00  0.129E+01  0.000E+00 -0.636E+00 -0.100E+06  0.000E+00 -0.118E+03      92
    93.00000  0.162E+01  0.000E+00  0.132E+01  0.000E+00 -0.645E+00 -0.100E+06  0.000E+00 -0.118E+03      93
    94.00000  0.171E+01  0.000E+00  0.135E+01  0.000E+00 -0.654E+00 -0.100E+06  0.000E+00 -0.118E+03      94
    95.00000  0.143E+01  0.000E+00  0.111E+01  0.000E+00 -0.662E+00 -0.224E+03  0.000E+00 -0.118E+03      95
    96.00000  0.148E+01  0.000E+00  0.116E+01  0.000E+00 -0.671E+00 -0.765E+03  0.000E+00 -0.118E+03      96
    97.00000  0.158E+01  0.000E+00  0.124E+01  0.000E+00 -0.680E+00 -0.417E+04  0.000E+00 -0.118E+03      97
    98.00000  0.163E+01  0.000E+00  0.128E+01  0.000E+00 -0.689E+00 -0.725E+04  0.000E+00 -0.118E+03      98
    99.00000  0.170E+01  0.000E+00  0.134E+01  0.000E+00 -0.697E+00 -0.238E+05  0.000E+00 -0.118E+03      99
   100.00000  0.176E+01  0.000E+00  0.139E+01  0.000E+00 -0.706E+00 -0.745E+05  0.000E+00 -0.118E+03     100
   101.00000  0.164E+01  0.000E+00  0.128E+01  0.000E+00 -0.714E+00 -0.520E+03  0.000E+00 -0.118E+03     101
   102.00000  0.166E+01  0.000E+00  0.131E+01  0.000E+00 -0.722E+00 -0.122E+04  0.000E+00 -0.118E+03     102
   103.00000  0.170E+01  0.000E+00  0.134E+01  0.000E+00 -0.731E+00 -0.247E+04  0.000E+00 -0.118E+03     103
   104.00000  0.146E+01  0.000E+00  0.114E+01  0.000E+00 -0.739E+00 -0.179E+03  0.000E+00 -0.118E+03     104
   105.00000  0.123E+01  0.000E+00  0.942E+00  0.000E+00 -0.747E+00 -0.117E+03  0.000E+00 -0.118E+03     105
   106.00000  0.129E+01  0.000E+00  0.988E+00  0.000E+00 -0.755E+00 -0.267E+03  0.000E+00 -0.118E+03     106
   107.00000  0.135E+01  0.000E+00  0.104E+01  0.000E+00 -0.763E+00 -0.430E+03  0.000E+00 -0.118E+03     107
   108.00000  0.118E+01  0.000E+00  0.900E+00  0.000E+00 -0.771E+00 -0.135E+03  0.000E+00 -0.119E+03     108
   109.00000  0.121E+01  0.000E+00  0.923E+00  0.000E+00 -0.779E+00 -0.228E+03  0.000E+00 -0.119E+03     109
   110.00000  0.125E+01  0.000E+00  0.955E+00  0.000E+00 -0.787E+00 -0.296E+03  0.000E+00 -0.119E+03     110
   111.00000  0.131E+01  0.000E+00  0.101E+01  0.000E+00 -0.795E+00 -0.452E+03  0.000E+00 -0.119E+03     111
   112.00000  0.133E+01  0.000E+00  0.103E+01  0.000E+00 -0.803E+00 -0.439E+03  0.000E+00 -0.119E+03     112
   113.00000  0.136E+01  0.000E+00  0.105E+01  0.000E+00 -0.810E+00 -0.470E+03  0.000E+00 -0.119E+03     113
   114.00000  0.118E+01  0.000E+00  0.897E+00  0.000E+00 -0.818E+00 -0.136E+03  0.000E+00 -0.119E+03     114
   115.00000  0.106E+01  0.000E+00  0.793E+00  0.000E+00 -0.825E+00 -0.122E+03 -0.147E+03 -0.119E+03     115
   116.00000  0.840E+00  0.000E+00  0.608E+00  0.000E+00 -0.833E+00 -0.855E+02 -0.102E+03 -0.119E+03     116
   117.00000  0.914E+00  0.000E+00  0.671E+00  0.000E+00 -0.840E+00 -0.176E+03 -0.155E+03 -0.119E+03     117
   118.00000  0.999E+00  0.000E+00  0.744E+00  0.000E+00 -0.847E+00 -0.273E+03 -0.208E+03 -0.119E+03     118
   119.00000  0.109E+01  0.000E+00  0.817E+00  0.000E+00 -0.855E+00 -0.415E+03 -0.268E+03 -0.119E+03     119
   120.00000  0.121E+01  0.000E+00  0.926E+00  0.000E+00 -0.862E+00 -0.109E+04 -0.387E+03 -0.119E+03     120
   121.00000  0.130E+01  0.000E+00  0.100E+01  0.000E+00 -0.869E+00 -0.173E+04 -0.509E+03 -0.119E+03     121
   122.00000  0.112E+01  0.000E+00  0.845E+00  0.000E+00 -0.876E+00 -0.164E+03 -0.251E+03 -0.120E+03     122
   123.00000  0.118E+01  0.000E+00  0.900E+00  0.000E+00 -0.882E+00 -0.391E+03 -0.296E+03 -0.120E+03     123
   124.00000  0.126E+01  0.000E+00  0.965E+00  0.000E+00 -0.889E+00 -0.724E+03 -0.378E+03 -0.120E+03     124
   125.00000  0.132E+01  0.000E+00  0.102E+01  0.000E+00 -0.896E+00 -0.104E+04 -0.461E+03 -0.120E+03     125
   126.00000  0.141E+01  0.000E+00  0.109E+01  0.000E+00 -0.903E+00 -0.231E+04 -0.605E+03 -0.120E+03     126
   127.00000  0.266E+00  0.000E+00  0.121E+00  0.000E+00 -0.909E+00 -0.284E+02 -0.371E+02 -0.120E+03     127
   128.00000 -0.159E+00  0.000E+00 -0.241E+00  0.000E+00 -0.916E+00 -0.390E+02 -0.437E+02 -0.120E+03     128
   129.00000 -0.516E+00  0.000E+00 -0.544E+00  0.000E+00 -0.922E+00 -0.407E+02 -0.447E+02 -0.120E+03     129
   130.00000 -0.458E+00  0.000E+00 -0.495E+00  0.000E+00 -0.928E+00 -0.842E+02 -0.803E+02 -0.120E+03     130
   131.00000 -0.397E+00  0.000E+00 -0.443E+00  0.000E+00 -0.934E+00 -0.113E+03 -0.105E+03 -0.120E+03     131
   132.00000 -0.321E+00  0.000E+00 -0.378E+00  0.000E+00 -0.941E+00 -0.149E+03 -0.132E+03 -0.120E+03     132
   133.00000 -0.242E+00  0.000E+00 -0.311E+00  0.000E+00 -0.947E+00 -0.191E+03 -0.160E+03 -0.120E+03     133
   134.00000 -0.178E+00  0.000E+00 -0.257E+00  0.000E+00 -0.953E+00 -0.221E+03 -0.183E+03 -0.120E+03     134
   135.00000 -0.137E+00  0.000E+00 -0.222E+00  0.000E+00 -0.958E+00 -0.227E+03 -0.195E+03 -0.121E+03     135
   136.00000 -0.126E+00  0.000E+00 -0.213E+00  0.000E+00 -0.964E+00 -0.207E+03 -0.193E+03 -0.121E+03     136
   137.00000 -0.126E+00  0.000E+00 -0.213E+00  0.000E+00 -0.970E+00 -0.192E+03 -0.187E+03 -0.121E+03     137
   138.00000 -0.126E+00  0.000E+00 -0.213E+00  0.000E+00 -0.976E+00 -0.187E+03 -0.184E+03 -0.121E+03     138
   139.00000 -0.913E+00  0.000E+00 -0.882E+00  0.000E+00 -0.982E+00 -0.329E+02 -0.399E+02 -0.121E+03     139
   140.00000 -0.239E+01  0.000E+00 -0.213E+01  0.000E+00 -0.988E+00 -0.128E+02 -0.151E+02 -0.121E+03     140
   141.00000 -0.282E+01  0.000E+00 -0.250E+01  0.000E+00 -0.993E+00 -0.295E+02 -0.316E+02 -0.121E+03     141
   142.00000 -0.282E+01  0.000E+00 -0.250E+01  0.000E+00 -0.999E+00 -0.577E+02 -0.564E+02 -0.121E+03     142
   143.00000 -0.383E+01  0.000E+00 -0.336E+01  0.000E+00 -0.101E+01 -0.177E+02 -0.201E+02 -0.121E+03     143
   144.00000 -0.383E+01  0.000E+00 -0.336E+01  0.000E+00 -0.101E+01 -0.519E+02 -0.506E+02 -0.121E+03     144
   145.00000 -0.383E+01  0.000E+00 -0.336E+01  0.000E+00 -0.102E+01 -0.646E+02 -0.632E+02 -0.122E+03     145
   146.00000 -0.602E+01  0.000E+00 -0.522E+01  0.000E+00 -0.102E+01 -0.643E+01 -0.792E+01 -0.122E+03     146
   147.00000 -0.602E+01  0.000E+00 -0.522E+01  0.000E+00 -0.103E+01 -0.438E+02 -0.422E+02 -0.122E+03     147
   148.00000 -0.602E+01  0.000E+00 -0.522E+01  0.000E+00 -0.103E+01 -0.562E+02 -0.544E+02 -0.122E+03     148
   149.00000 -0.602E+01  0.000E+00 -0.522E+01  0.000E+00 -0.104E+01 -0.646E+02 -0.625E+02 -0.122E+03     149
   150.00000 -0.602E+01  0.000E+00 -0.522E+01  0.000E+00 -0.104E+01 -0.713E+02 -0.690E+02 -0.122E+03     150
   151.00000 -0.602E+01  0.000E+00 -0.522E+01  0.000E+00 -0.105E+01 -0.766E+02 -0.743E+02 -0.122E+03     151
   152.00000 -0.602E+01  0.000E+00 -0.522E+01  0.000E+00 -0.106E+01 -0.814E+02 -0.788E+02 -0.122E+03     152
   153.00000 -0.602E+01  0.000E+00 -0.522E+01  0.000E+00 -0.106E+01 -0.857E+02 -0.827E+02 -0.122E+03     153
   154.00000 -0.602E+01  0.000E+00 -0.522E+01  0.000E+00 -0.107E+01 -0.894E+02 -0.855E+02 -0.122E+03     154
   155.00000 -0.602E+01  0.000E+00 -0.522E+01  0.000E+00 -0.107E+01 -0.925E+02 -0.878E+02 -0.122E+03     155
   156.00000 -0.602E+01  0.000E+00 -0.522E+01  0.000E+00 -0.108E+01 -0.955E+02 -0.897E+02 -0.122E+03     156
   157.00000 -0.602E+01  0.000E+00 -0.522E+01  0.000E+00 -0.108E+01 -0.983E+02 -0.915E+02 -0.121E+03     157
   158.00000 -0.602E+01  0.000E+00 -0.522E+01  0.000E+00 -0.109E+01 -0.101E+03 -0.932E+02 -0.121E+03     158
   159.00000 -0.602E+01  0.000E+00 -0.522E+01  0.000E+00 -0.110E+01 -0.104E+03 -0.948E+02 -0.120E+03     159
   160.00000 -0.602E+01  0.000E+00 -0.522E+01  0.000E+00 -0.111E+01 -0.106E+03 -0.962E+02 -0.118E+03     160
   161.00000 -0.625E+01  0.000E+00 -0.542E+01  0.000E+00 -0.111E+01 -0.613E+02 -0.914E+02 -0.117E+03     161
   162.00000 -0.625E+01  0.000E+00 -0.542E+01  0.000E+00 -0.112E+01 -0.861E+02 -0.922E+02 -0.115E+03     162
   163.00000 -0.625E+01  0.000E+00 -0.542E+01  0.000E+00 -0.114E+01 -0.938E+02 -0.937E+02 -0.113E+03     163
   164.00000 -0.625E+01  0.000E+00 -0.542E+01  0.000E+00 -0.115E+01 -0.995E+02 -0.953E+02 -0.111E+03     164
   165.00000 -0.625E+01  0.000E+00 -0.542E+01  0.000E+00 -0.117E+01 -0.104E+03 -0.970E+02 -0.108E+03     165
   166.00000 -0.625E+01  0.000E+00 -0.542E+01  0.000E+00 -0.119E+01 -0.108E+03 -0.985E+02 -0.106E+03     166
   167.00000 -0.625E+01  0.000E+00 -0.542E+01  0.000E+00 -0.122E+01 -0.111E+03 -0.999E+02 -0.103E+03     167
   168.00000 -0.625E+01  0.000E+00 -0.542E+01  0.000E+00 -0.124E+01 -0.113E+03 -0.102E+03 -0.101E+03     168
   169.00000 -0.625E+01  0.000E+00 -0.542E+01  0.000E+00 -0.127E+01 -0.115E+03 -0.103E+03 -0.990E+02     169
   170.00000 -0.625E+01  0.000E+00 -0.542E+01  0.000E+00 -0.130E+01 -0.118E+03 -0.104E+03 -0.967E+02     170
   171.00000 -0.767E+01  0.000E+00 -0.662E+01  0.000E+00 -0.134E+01 -0.142E+02 -0.824E+02 -0.949E+02     171
   172.00000 -0.932E+01  0.000E+00 -0.803E+01  0.000E+00 -0.138E+01 -0.963E+01 -0.580E+02 -0.938E+02     172
   173.00000 -0.110E+02  0.000E+00 -0.943E+01  0.000E+00 -0.143E+01 -0.878E+01 -0.375E+02 -0.930E+02     173
   174.00000 -0.126E+02  0.000E+00 -0.108E+02  0.000E+00 -0.148E+01 -0.837E+01 -0.254E+02 -0.925E+02     174
   175.00000 -0.130E+02  0.000E+00 -0.112E+02  0.000E+00 -0.153E+01 -0.254E+02 -0.309E+02 -0.921E+02     175
   176.00000 -0.147E+02  0.000E+00 -0.126E+02  0.000E+00 -0.159E+01 -0.853E+01 -0.235E+02 -0.915E+02     176
   177.00000 -0.147E+02  0.000E+00 -0.126E+02  0.000E+00 -0.166E+01 -0.407E+02 -0.327E+02 -0.892E+02     177
   178.00000 -0.163E+02  0.000E+00 -0.140E+02  0.000E+00 -0.175E+01 -0.873E+01 -0.249E+02 -0.855E+02     178
   179.00000 -0.163E+02  0.000E+00 -0.140E+02  0.000E+00 -0.187E+01 -0.411E+02 -0.329E+02 -0.816E+02     179
   180.00000 -0.180E+02  0.000E+00 -0.154E+02  0.000E+00 -0.205E+01 -0.875E+01 -0.248E+02 -0.736E+02     180
   181.00000 -0.196E+02  0.000E+00 -0.168E+02  0.000E+00 -0.242E+01 -0.819E+01 -0.190E+02 -0.695E+02     181
   182.00000 -0.196E+02  0.000E+00 -0.168E+02  0.000E+00 -0.300E+01 -0.399E+02 -0.302E+02 -0.649E+02     182
   183.00000 -0.213E+02  0.000E+00 -0.182E+02  0.000E+00 -0.375E+01 -0.864E+01 -0.231E+02 -0.623E+02     183
   184.00000 -0.213E+02  0.000E+00 -0.182E+02  0.000E+00 -0.459E+01 -0.408E+02 -0.318E+02 -0.606E+02     184
   185.00000 -0.213E+02  0.000E+00 -0.182E+02  0.000E+00 -0.549E+01 -0.515E+02 -0.397E+02 -0.600E+02     185
   186.00000 -0.213E+02  0.000E+00 -0.182E+02  0.000E+00 -0.639E+01 -0.590E+02 -0.457E+02 -0.607E+02     186
   187.00000 -0.213E+02  0.000E+00 -0.182E+02  0.000E+00 -0.723E+01 -0.649E+02 -0.507E+02 -0.623E+02     187
   188.00000 -0.213E+02  0.000E+00 -0.182E+02  0.000E+00 -0.798E+01 -0.699E+02 -0.551E+02 -0.642E+02     188
   189.00000 -0.213E+02  0.000E+00 -0.182E+02  0.000E+00 -0.865E+01 -0.741E+02 -0.588E+02 -0.660E+02     189
   190.00000 -0.213E+02  0.000E+00 -0.182E+02  0.000E+00 -0.924E+01 -0.779E+02 -0.622E+02 -0.675E+02     190
   191.00000 -0.213E+02  0.000E+00 -0.182E+02  0.000E+00 -0.976E+01 -0.814E+02 -0.654E+02 -0.688E+02     191
   192.00000 -0.213E+02  0.000E+00 -0.182E+02  0.000E+00 -0.102E+02 -0.847E+02 -0.682E+02 -0.700E+02     192
   193.00000 -0.213E+02  0.000E+00 -0.182E+02  0.000E+00 -0.107E+02 -0.877E+02 -0.709E+02 -0.708E+02     193
   194.00000 -0.218E+02  0.000E+00 -0.186E+02  0.000E+00 -0.110E+02 -0.347E+02 -0.661E+02 -0.716E+02     194
   195.00000 -0.234E+02  0.000E+00 -0.200E+02  0.000E+00 -0.114E+02 -0.987E+01 -0.478E+02 -0.723E+02     195
   196.00000 -0.251E+02  0.000E+00 -0.214E+02  0.000E+00 -0.117E+02 -0.872E+01 -0.315E+02 -0.728E+02     196
   197.00000 -0.268E+02  0.000E+00 -0.229E+02  0.000E+00 -0.120E+02 -0.764E+01 -0.214E+02 -0.733E+02     197
   198.00000 -0.285E+02  0.000E+00 -0.243E+02  0.000E+00 -0.123E+02 -0.811E+01 -0.182E+02 -0.717E+02     198
   199.00000 -0.301E+02  0.000E+00 -0.257E+02  0.000E+00 -0.127E+02 -0.807E+01 -0.170E+02 -0.697E+02     199
   200.00000 -0.303E+02  0.000E+00 -0.259E+02  0.000E+00 -0.132E+02 -0.313E+02 -0.279E+02 -0.665E+02     200
   201.00000 -0.322E+02  0.000E+00 -0.275E+02  0.000E+00 -0.140E+02 -0.690E+01 -0.195E+02 -0.613E+02     201
   202.00000 -0.322E+02  0.000E+00 -0.275E+02  0.000E+00 -0.149E+02 -0.397E+02 -0.301E+02 -0.593E+02     202
   203.00000 -0.322E+02  0.000E+00 -0.275E+02  0.000E+00 -0.160E+02 -0.505E+02 -0.384E+02 -0.595E+02     203
   204.00000 -0.322E+02  0.000E+00 -0.275E+02  0.000E+00 -0.170E+02 -0.581E+02 -0.448E+02 -0.599E+02     204
   205.00000 -0.322E+02  0.000E+00 -0.275E+02  0.000E+00 -0.179E+02 -0.641E+02 -0.499E+02 -0.611E+02     205
   206.00000 -0.322E+02  0.000E+00 -0.275E+02  0.000E+00 -0.187E+02 -0.692E+02 -0.543E+02 -0.633E+02     206
   207.00000 -0.322E+02  0.000E+00 -0.275E+02  0.000E+00 -0.194E+02 -0.735E+02 -0.582E+02 -0.653E+02     207
   208.00000 -0.322E+02  0.000E+00 -0.275E+02  0.000E+00 -0.200E+02 -0.773E+02 -0.616E+02 -0.671E+02     208
   209.00000 -0.322E+02  0.000E+00 -0.275E+02  0.000E+00 -0.206E+02 -0.809E+02 -0.648E+02 -0.684E+02     209
   210.00000 -0.322E+02  0.000E+00 -0.275E+02  0.000E+00 -0.211E+02 -0.842E+02 -0.677E+02 -0.697E+02     210
   211.00000 -0.322E+02  0.000E+00 -0.275E+02  0.000E+00 -0.215E+02 -0.872E+02 -0.704E+02 -0.706E+02     211
   212.00000 -0.322E+02  0.000E+00 -0.275E+02  0.000E+00 -0.219E+02 -0.899E+02 -0.730E+02 -0.714E+02     212
   213.00000 -0.322E+02  0.000E+00 -0.275E+02  0.000E+00 -0.222E+02 -0.924E+02 -0.753E+02 -0.721E+02     213
   214.00000 -0.323E+02  0.000E+00 -0.276E+02  0.000E+00 -0.226E+02 -0.690E+02 -0.755E+02 -0.727E+02     214
   215.00000 -0.323E+02  0.000E+00 -0.276E+02  0.000E+00 -0.229E+02 -0.851E+02 -0.774E+02 -0.732E+02     215
   216.00000 -0.323E+02  0.000E+00 -0.276E+02  0.000E+00 -0.231E+02 -0.907E+02 -0.793E+02 -0.736E+02     216
   217.00000 -0.323E+02  0.000E+00 -0.276E+02  0.000E+00 -0.234E+02 -0.945E+02 -0.813E+02 -0.740E+02     217
   218.00000 -0.323E+02  0.000E+00 -0.276E+02  0.000E+00 -0.236E+02 -0.977E+02 -0.832E+02 -0.743E+02     218
   219.00000 -0.323E+02  0.000E+00 -0.276E+02  0.000E+00 -0.239E+02 -0.101E+03 -0.850E+02 -0.747E+02     219
   220.00000 -0.333E+02  0.000E+00 -0.285E+02  0.000E+00 -0.241E+02 -0.200E+02 -0.720E+02 -0.750E+02     220
   221.00000 -0.333E+02  0.000E+00 -0.285E+02  0.000E+00 -0.243E+02 -0.564E+02 -0.705E+02 -0.752E+02     221
   222.00000 -0.333E+02  0.000E+00 -0.285E+02  0.000E+00 -0.245E+02 -0.689E+02 -0.718E+02 -0.754E+02     222
   223.00000 -0.333E+02  0.000E+00 -0.285E+02  0.000E+00 -0.247E+02 -0.764E+02 -0.737E+02 -0.756E+02     223
   224.00000 -0.333E+02  0.000E+00 -0.285E+02  0.000E+00 -0.248E+02 -0.825E+02 -0.760E+02 -0.759E+02     224
   225.00000 -0.333E+02  0.000E+00 -0.285E+02  0.000E+00 -0.250E+02 -0.874E+02 -0.782E+02 -0.763E+02     225
   226.00000 -0.333E+02  0.000E+00 -0.285E+02  0.000E+00 -0.252E+02 -0.912E+02 -0.804E+02 -0.769E+02     226
   227.00000 -0.333E+02  0.000E+00 -0.285E+02  0.000E+00 -0.253E+02 -0.943E+02 -0.824E+02 -0.774E+02     227
   228.00000 -0.332E+02  0.000E+00 -0.284E+02  0.000E+00 -0.255E+02 -0.142E+03 -0.867E+02 -0.779E+02     228
   229.00000 -0.348E+02  0.000E+00 -0.297E+02  0.000E+00 -0.257E+02 -0.118E+02 -0.662E+02 -0.784E+02     229
   230.00000 -0.367E+02  0.000E+00 -0.313E+02  0.000E+00 -0.258E+02 -0.743E+01 -0.429E+02 -0.788E+02     230
   231.00000 -0.367E+02  0.000E+00 -0.313E+02  0.000E+00 -0.260E+02 -0.463E+02 -0.437E+02 -0.793E+02     231
   232.00000 -0.368E+02  0.000E+00 -0.314E+02  0.000E+00 -0.261E+02 -0.482E+02 -0.482E+02 -0.797E+02     232
   233.00000 -0.369E+02  0.000E+00 -0.315E+02  0.000E+00 -0.263E+02 -0.484E+02 -0.516E+02 -0.801E+02     233
   234.00000 -0.368E+02  0.000E+00 -0.314E+02  0.000E+00 -0.264E+02 -0.743E+02 -0.567E+02 -0.802E+02     234
   235.00000 -0.367E+02  0.000E+00 -0.313E+02  0.000E+00 -0.265E+02 -0.895E+02 -0.618E+02 -0.798E+02     235
   236.00000 -0.367E+02  0.000E+00 -0.313E+02  0.000E+00 -0.267E+02 -0.999E+02 -0.663E+02 -0.789E+02     236
   237.00000 -0.366E+02  0.000E+00 -0.312E+02  0.000E+00 -0.269E+02 -0.111E+03 -0.706E+02 -0.776E+02     237
   238.00000 -0.365E+02  0.000E+00 -0.312E+02  0.000E+00 -0.270E+02 -0.123E+03 -0.747E+02 -0.760E+02     238
   239.00000 -0.365E+02  0.000E+00 -0.311E+02  0.000E+00 -0.272E+02 -0.132E+03 -0.786E+02 -0.751E+02     239
   240.00000 -0.364E+02  0.000E+00 -0.311E+02  0.000E+00 -0.274E+02 -0.146E+03 -0.824E+02 -0.749E+02     240
   241.00000 -0.363E+02  0.000E+00 -0.310E+02  0.000E+00 -0.276E+02 -0.163E+03 -0.862E+02 -0.748E+02     241
   242.00000 -0.363E+02  0.000E+00 -0.309E+02  0.000E+00 -0.279E+02 -0.182E+03 -0.899E+02 -0.749E+02     242
   243.00000 -0.362E+02  0.000E+00 -0.309E+02  0.000E+00 -0.281E+02 -0.210E+03 -0.938E+02 -0.750E+02     243
   244.00000 -0.361E+02  0.000E+00 -0.308E+02  0.000E+00 -0.283E+02 -0.225E+03 -0.975E+02 -0.751E+02     244
   245.00000 -0.361E+02  0.000E+00 -0.308E+02  0.000E+00 -0.285E+02 -0.229E+03 -0.101E+03 -0.752E+02     245
   246.00000 -0.360E+02  0.000E+00 -0.307E+02  0.000E+00 -0.287E+02 -0.244E+03  0.000E+00 -0.754E+02     246
   247.00000 -0.359E+02  0.000E+00 -0.306E+02  0.000E+00 -0.288E+02 -0.270E+03  0.000E+00 -0.756E+02     247
   248.00000 -0.358E+02  0.000E+00 -0.306E+02  0.000E+00 -0.290E+02 -0.384E+03  0.000E+00 -0.759E+02     248
   249.00000 -0.358E+02  0.000E+00 -0.305E+02  0.000E+00 -0.292E+02 -0.448E+03  0.000E+00 -0.763E+02     249
   250.00000 -0.357E+02  0.000E+00 -0.304E+02  0.000E+00 -0.293E+02 -0.445E+03  0.000E+00 -0.768E+02     250
   251.00000 -0.356E+02  0.000E+00 -0.304E+02  0.000E+00 -0.295E+02 -0.486E+03  0.000E+00 -0.771E+02     251
   252.00000 -0.355E+02  0.000E+00 -0.303E+02  0.000E+00 -0.297E+02 -0.644E+03  0.000E+00 -0.783E+02     252
   253.00000 -0.355E+02  0.000E+00 -0.303E+02  0.000E+00 -0.298E+02 -0.664E+03  0.000E+00 -0.791E+02     253
   254.00000 -0.357E+02  0.000E+00 -0.305E+02  0.000E+00 -0.300E+02 -0.103E+03  0.000E+00 -0.798E+02     254
   255.00000 -0.357E+02  0.000E+00 -0.304E+02  0.000E+00 -0.301E+02 -0.193E+03  0.000E+00 -0.806E+02     255
   256.00000 -0.356E+02  0.000E+00 -0.304E+02  0.000E+00 -0.303E+02 -0.225E+03  0.000E+00 -0.812E+02     256
   257.00000 -0.356E+02  0.000E+00 -0.303E+02  0.000E+00 -0.304E+02 -0.268E+03  0.000E+00 -0.819E+02     257
   258.00000 -0.355E+02  0.000E+00 -0.303E+02  0.000E+00 -0.305E+02 -0.400E+03  0.000E+00 -0.825E+02     258
   259.00000 -0.358E+02  0.000E+00 -0.305E+02  0.000E+00 -0.306E+02 -0.836E+02  0.000E+00 -0.832E+02     259
   260.00000 -0.357E+02  0.000E+00 -0.305E+02  0.000E+00 -0.308E+02 -0.158E+03  0.000E+00 -0.837E+02     260
   261.00000 -0.356E+02  0.000E+00 -0.304E+02  0.000E+00 -0.309E+02 -0.239E+03  0.000E+00 -0.843E+02     261
   262.00000 -0.357E+02  0.000E+00 -0.304E+02  0.000E+00 -0.310E+02 -0.129E+03  0.000E+00 -0.849E+02     262
   263.00000 -0.356E+02  0.000E+00 -0.304E+02  0.000E+00 -0.311E+02 -0.184E+03  0.000E+00 -0.854E+02     263
   264.00000 -0.356E+02  0.000E+00 -0.303E+02  0.000E+00 -0.312E+02 -0.259E+03  0.000E+00 -0.859E+02     264
   265.00000 -0.355E+02  0.000E+00 -0.303E+02  0.000E+00 -0.313E+02 -0.366E+03  0.000E+00 -0.864E+02     265
   266.00000 -0.354E+02  0.000E+00 -0.302E+02  0.000E+00 -0.314E+02 -0.361E+03  0.000E+00 -0.869E+02     266
   267.00000 -0.354E+02  0.000E+00 -0.302E+02  0.000E+00 -0.315E+02 -0.374E+03  0.000E+00 -0.873E+02     267
   268.00000 -0.353E+02  0.000E+00 -0.301E+02  0.000E+00 -0.316E+02 -0.497E+03  0.000E+00 -0.878E+02     268
   269.00000 -0.352E+02  0.000E+00 -0.301E+02  0.000E+00 -0.317E+02 -0.680E+03  0.000E+00 -0.882E+02     269
   270.00000 -0.352E+02  0.000E+00 -0.300E+02  0.000E+00 -0.317E+02 -0.985E+03  0.000E+00 -0.886E+02     270
   271.00000 -0.351E+02  0.000E+00 -0.300E+02  0.000E+00 -0.318E+02 -0.809E+03  0.000E+00 -0.890E+02     271
   272.00000 -0.351E+02  0.000E+00 -0.299E+02  0.000E+00 -0.319E+02 -0.102E+04  0.000E+00 -0.893E+02     272
   273.00000 -0.350E+02  0.000E+00 -0.298E+02  0.000E+00 -0.320E+02 -0.144E+04  0.000E+00 -0.897E+02     273
   274.00000 -0.350E+02  0.000E+00 -0.298E+02  0.000E+00 -0.320E+02 -0.123E+04  0.000E+00 -0.900E+02     274
   275.00000 -0.349E+02  0.000E+00 -0.298E+02  0.000E+00 -0.321E+02 -0.147E+04  0.000E+00 -0.904E+02     275
   276.00000 -0.348E+02  0.000E+00 -0.297E+02  0.000E+00 -0.322E+02 -0.286E+04  0.000E+00 -0.907E+02     276
   277.00000 -0.348E+02  0.000E+00 -0.297E+02  0.000E+00 -0.322E+02 -0.342E+04  0.000E+00 -0.910E+02     277
   278.00000 -0.347E+02  0.000E+00 -0.296E+02  0.000E+00 -0.323E+02 -0.538E+04  0.000E+00 -0.912E+02     278
   279.00000 -0.346E+02  0.000E+00 -0.295E+02  0.000E+00 -0.324E+02 -0.604E+04  0.000E+00 -0.915E+02     279
   280.00000 -0.346E+02  0.000E+00 -0.295E+02  0.000E+00 -0.324E+02 -0.462E+04  0.000E+00 -0.918E+02     280
   281.00000 -0.346E+02  0.000E+00 -0.295E+02  0.000E+00 -0.325E+02 -0.349E+04  0.000E+00 -0.920E+02     281
   282.00000 -0.345E+02  0.000E+00 -0.295E+02  0.000E+00 -0.325E+02 -0.389E+04  0.000E+00 -0.922E+02     282
   283.00000 -0.345E+02  0.000E+00 -0.294E+02  0.000E+00 -0.326E+02 -0.808E+04  0.000E+00 -0.924E+02     283
   284.00000 -0.345E+02  0.000E+00 -0.294E+02  0.000E+00 -0.326E+02 -0.487E+04  0.000E+00 -0.926E+02     284
   285.00000 -0.344E+02  0.000E+00 -0.294E+02  0.000E+00 -0.327E+02 -0.359E+04  0.000E+00 -0.928E+02     285
   286.00000 -0.344E+02  0.000E+00 -0.294E+02  0.000E+00 -0.327E+02 -0.369E+04  0.000E+00 -0.930E+02     286
   287.00000 -0.344E+02  0.000E+00 -0.293E+02  0.000E+00 -0.328E+02 -0.348E+04  0.000E+00 -0.932E+02     287
   288.00000 -0.343E+02  0.000E+00 -0.293E+02  0.000E+00 -0.328E+02 -0.638E+04  0.000E+00 -0.934E+02     288
   289.00000 -0.342E+02  0.000E+00 -0.292E+02  0.000E+00 -0.329E+02 -0.182E+05  0.000E+00 -0.936E+02     289
   290.00000 -0.342E+02  0.000E+00 -0.292E+02  0.000E+00 -0.329E+02 -0.386E+05  0.000E+00 -0.937E+02     290
   291.00000 -0.341E+02  0.000E+00 -0.291E+02  0.000E+00 -0.330E+02 -0.227E+05  0.000E+00 -0.939E+02     291
   292.00000 -0.341E+02  0.000E+00 -0.291E+02  0.000E+00 -0.330E+02 -0.131E+05  0.000E+00 -0.940E+02     292
   293.00000 -0.341E+02  0.000E+00 -0.291E+02  0.000E+00 -0.331E+02 -0.112E+05  0.000E+00 -0.942E+02     293
   294.00000 -0.341E+02  0.000E+00 -0.291E+02  0.000E+00 -0.331E+02 -0.155E+05  0.000E+00 -0.943E+02     294
   295.00000 -0.340E+02  0.000E+00 -0.290E+02  0.000E+00 -0.331E+02 -0.138E+05  0.000E+00 -0.945E+02     295
   296.00000 -0.340E+02  0.000E+00 -0.290E+02  0.000E+00 -0.332E+02 -0.292E+05  0.000E+00 -0.946E+02     296
   297.00000 -0.340E+02  0.000E+00 -0.290E+02  0.000E+00 -0.332E+02 -0.298E+05  0.000E+00 -0.948E+02     297
   298.00000 -0.339E+02  0.000E+00 -0.289E+02  0.000E+00 -0.333E+02 -0.288E+05  0.000E+00 -0.949E+02     298
   299.00000 -0.339E+02  0.000E+00 -0.289E+02  0.000E+00 -0.333E+02 -0.370E+05  0.000E+00 -0.950E+02     299
   300.00000 -0.338E+02  0.000E+00 -0.289E+02  0.000E+00 -0.333E+02 -0.651E+05  0.000E+00 -0.951E+02     300
   301.00000 -0.338E+02  0.000E+00 -0.288E+02  0.000E+00 -0.334E+02 -0.100E+06  0.000E+00 -0.953E+02     301
   302.00000 -0.337E+02  0.000E+00 -0.288E+02  0.000E+00 -0.334E+02 -0.100E+06  0.000E+00 -0.954E+02     302
   303.00000 -0.337E+02  0.000E+00 -0.288E+02  0.000E+00 -0.334E+02 -0.357E+05  0.000E+00 -0.955E+02     303
   304.00000 -0.337E+02  0.000E+00 -0.288E+02  0.000E+00 -0.335E+02 -0.211E+05  0.000E+00 -0.957E+02     304
   305.00000 -0.337E+02  0.000E+00 -0.288E+02  0.000E+00 -0.335E+02 -0.150E+05  0.000E+00 -0.959E+02     305
   306.00000 -0.337E+02  0.000E+00 -0.288E+02  0.000E+00 -0.335E+02 -0.146E+05  0.000E+00 -0.961E+02     306
   307.00000 -0.336E+02  0.000E+00 -0.287E+02  0.000E+00 -0.336E+02 -0.440E+05  0.000E+00 -0.964E+02     307
   308.00000 -0.336E+02  0.000E+00 -0.287E+02  0.000E+00 -0.336E+02 -0.100E+06  0.000E+00 -0.966E+02     308
   309.00000 -0.335E+02  0.000E+00 -0.286E+02  0.000E+00 -0.336E+02 -0.100E+06  0.000E+00 -0.969E+02     309
   310.00000 -0.335E+02  0.000E+00 -0.286E+02  0.000E+00 -0.337E+02 -0.733E+05  0.000E+00 -0.972E+02     310
   311.00000 -0.335E+02  0.000E+00 -0.286E+02  0.000E+00 -0.337E+02 -0.963E+05  0.000E+00 -0.975E+02     311
   312.00000 -0.334E+02  0.000E+00 -0.286E+02  0.000E+00 -0.337E+02 -0.100E+06  0.000E+00 -0.978E+02     312
   313.00000 -0.334E+02  0.000E+00 -0.286E+02  0.000E+00 -0.337E+02 -0.100E+06  0.000E+00 -0.981E+02     313
   314.00000 -0.334E+02  0.000E+00 -0.285E+02  0.000E+00 -0.338E+02 -0.100E+06  0.000E+00 -0.984E+02     314
   315.00000 -0.334E+02  0.000E+00 -0.285E+02  0.000E+00 -0.338E+02 -0.656E+05  0.000E+00 -0.987E+02     315
   316.00000 -0.333E+02  0.000E+00 -0.285E+02  0.000E+00 -0.338E+02 -0.100E+06  0.000E+00 -0.990E+02     316
   317.00000 -0.333E+02  0.000E+00 -0.285E+02  0.000E+00 -0.339E+02 -0.100E+06  0.000E+00 -0.993E+02     317
   318.00000 -0.332E+02  0.000E+00 -0.285E+02  0.000E+00 -0.339E+02 -0.100E+06  0.000E+00 -0.997E+02     318
   319.00000 -0.331E+02  0.000E+00 -0.284E+02  0.000E+00 -0.339E+02 -0.100E+06  0.000E+00 -0.100E+03     319
   320.00000 -0.331E+02  0.000E+00 -0.284E+02  0.000E+00 -0.339E+02 -0.100E+06  0.000E+00 -0.100E+03     320
   321.00000 -0.331E+02  0.000E+00 -0.284E+02  0.000E+00 -0.340E+02 -0.482E+05  0.000E+00 -0.101E+03     321
   322.00000 -0.330E+02  0.000E+00 -0.284E+02  0.000E+00 -0.340E+02 -0.100E+06  0.000E+00 -0.101E+03     322
   323.00000 -0.330E+02  0.000E+00 -0.284E+02  0.000E+00 -0.340E+02 -0.100E+06  0.000E+00 -0.101E+03     323
   324.00000 -0.330E+02  0.000E+00 -0.283E+02  0.000E+00 -0.341E+02 -0.901E+05  0.000E+00 -0.102E+03     324
   325.00000 -0.329E+02  0.000E+00 -0.283E+02  0.000E+00 -0.341E+02 -0.100E+06  0.000E+00 -0.102E+03     325
   326.00000 -0.329E+02  0.000E+00 -0.283E+02  0.000E+00 -0.341E+02 -0.100E+06  0.000E+00 -0.102E+03     326
   327.00000 -0.331E+02  0.000E+00 -0.285E+02  0.000E+00 -0.341E+02 -0.389E+03  0.000E+00 -0.103E+03     327
   328.00000 -0.330E+02  0.000E+00 -0.284E+02  0.000E+00 -0.342E+02 -0.740E+03  0.000E+00 -0.103E+03     328
   329.00000 -0.330E+02  0.000E+00 -0.284E+02  0.000E+00 -0.342E+02 -0.427E+04  0.000E+00 -0.103E+03     329
   330.00000 -0.329E+02  0.000E+00 -0.284E+02  0.000E+00 -0.342E+02 -0.899E+04  0.000E+00 -0.104E+03     330
   331.00000 -0.329E+02  0.000E+00 -0.283E+02  0.000E+00 -0.342E+02 -0.133E+05  0.000E+00 -0.104E+03     331
   332.00000 -0.328E+02  0.000E+00 -0.283E+02  0.000E+00 -0.342E+02 -0.892E+05  0.000E+00 -0.104E+03     332
   333.00000 -0.328E+02  0.000E+00 -0.282E+02  0.000E+00 -0.343E+02 -0.757E+05  0.000E+00 -0.105E+03     333
   334.00000 -0.327E+02  0.000E+00 -0.282E+02  0.000E+00 -0.343E+02 -0.100E+06  0.000E+00 -0.105E+03     334
   335.00000 -0.327E+02  0.000E+00 -0.282E+02  0.000E+00 -0.343E+02 -0.100E+06  0.000E+00 -0.105E+03     335
   336.00000 -0.326E+02  0.000E+00 -0.282E+02  0.000E+00 -0.343E+02 -0.928E+05  0.000E+00 -0.105E+03     336
   337.00000 -0.326E+02  0.000E+00 -0.282E+02  0.000E+00 -0.344E+02 -0.330E+05  0.000E+00 -0.106E+03     337
   338.00000 -0.329E+02  0.000E+00 -0.284E+02  0.000E+00 -0.344E+02 -0.247E+03  0.000E+00 -0.106E+03     338
   339.00000 -0.329E+02  0.000E+00 -0.284E+02  0.000E+00 -0.344E+02 -0.462E+03  0.000E+00 -0.106E+03     339
   340.00000 -0.329E+02  0.000E+00 -0.284E+02  0.000E+00 -0.344E+02 -0.539E+03  0.000E+00 -0.107E+03     340
   341.00000 -0.329E+02  0.000E+00 -0.284E+02  0.000E+00 -0.344E+02 -0.637E+03  0.000E+00 -0.107E+03     341
   342.00000 -0.328E+02  0.000E+00 -0.283E+02  0.000E+00 -0.345E+02 -0.108E+04  0.000E+00 -0.107E+03     342
   343.00000 -0.328E+02  0.000E+00 -0.283E+02  0.000E+00 -0.345E+02 -0.105E+04  0.000E+00 -0.108E+03     343
   344.00000 -0.328E+02  0.000E+00 -0.283E+02  0.000E+00 -0.345E+02 -0.122E+04  0.000E+00 -0.108E+03     344
   345.00000 -0.328E+02  0.000E+00 -0.283E+02  0.000E+00 -0.345E+02 -0.234E+04  0.000E+00 -0.108E+03     345
   346.00000 -0.327E+02  0.000E+00 -0.282E+02  0.000E+00 -0.345E+02 -0.241E+04  0.000E+00 -0.108E+03     346
   347.00000 -0.327E+02  0.000E+00 -0.282E+02  0.000E+00 -0.346E+02 -0.175E+04  0.000E+00 -0.109E+03     347
   348.00000 -0.329E+02  0.000E+00 -0.284E+02  0.000E+00 -0.346E+02 -0.241E+03  0.000E+00 -0.109E+03     348
   349.00000 -0.329E+02  0.000E+00 -0.284E+02  0.000E+00 -0.346E+02 -0.372E+03  0.000E+00 -0.109E+03     349
   350.00000 -0.329E+02  0.000E+00 -0.283E+02  0.000E+00 -0.346E+02 -0.448E+03  0.000E+00 -0.109E+03     350
   351.00000 -0.329E+02  0.000E+00 -0.283E+02  0.000E+00 -0.346E+02 -0.450E+03  0.000E+00 -0.110E+03     351
   352.00000 -0.328E+02  0.000E+00 -0.283E+02  0.000E+00 -0.346E+02 -0.628E+03  0.000E+00 -0.110E+03     352
   353.00000 -0.328E+02  0.000E+00 -0.283E+02  0.000E+00 -0.347E+02 -0.592E+03  0.000E+00 -0.110E+03     353
   354.00000 -0.328E+02  0.000E+00 -0.283E+02  0.000E+00 -0.347E+02 -0.538E+03  0.000E+00 -0.110E+03     354
   355.00000 -0.328E+02  0.000E+00 -0.283E+02  0.000E+00 -0.347E+02 -0.656E+03  0.000E+00 -0.111E+03     355
   356.00000 -0.328E+02  0.000E+00 -0.283E+02  0.000E+00 -0.347E+02 -0.885E+03  0.000E+00 -0.111E+03     356
   357.00000 -0.327E+02  0.000E+00 -0.282E+02  0.000E+00 -0.347E+02 -0.973E+03  0.000E+00 -0.111E+03     357
   358.00000 -0.327E+02  0.000E+00 -0.282E+02  0.000E+00 -0.347E+02 -0.774E+03  0.000E+00 -0.111E+03     358
   359.00000 -0.327E+02  0.000E+00 -0.282E+02  0.000E+00 -0.348E+02 -0.675E+03  0.000E+00 -0.112E+03     359
   360.00000 -0.327E+02  0.000E+00 -0.282E+02  0.000E+00 -0.348E+02 -0.607E+03  0.000E+00 -0.112E+03     360
   361.00000 -0.327E+02  0.000E+00 -0.282E+02  0.000E+00 -0.348E+02 -0.565E+03  0.000E+00 -0.112E+03     361
   362.00000 -0.327E+02  0.000E+00 -0.282E+02  0.000E+00 -0.348E+02 -0.534E+03  0.000E+00 -0.112E+03     362
   363.00000 -0.327E+02  0.000E+00 -0.282E+02  0.000E+00 -0.348E+02 -0.515E+03  0.000E+00 -0.113E+03     363
   364.00000 -0.327E+02  0.000E+00 -0.282E+02  0.000E+00 -0.348E+02 -0.529E+03  0.000E+00 -0.113E+03     364
   365.00000 -0.327E+02  0.000E+00 -0.282E+02  0.000E+00 -0.348E+02 -0.499E+03  0.000E+00 -0.113E+03     365
   366.00000 -0.327E+02  0.000E+00 -0.282E+02  0.000E+00 -0.349E+02 -0.540E+03  0.000E+00 -0.113E+03     366
   367.00000 -0.327E+02  0.000E+00 -0.282E+02  0.000E+00 -0.349E+02 -0.726E+03  0.000E+00 -0.114E+03     367
   368.00000 -0.327E+02  0.000E+00 -0.282E+02  0.000E+00 -0.349E+02 -0.839E+03  0.000E+00 -0.114E+03     368
   369.00000 -0.327E+02  0.000E+00 -0.282E+02  0.000E+00 -0.349E+02 -0.691E+03  0.000E+00 -0.114E+03     369
   370.00000 -0.326E+02  0.000E+00 -0.282E+02  0.000E+00 -0.349E+02 -0.608E+03  0.000E+00 -0.114E+03     370
   371.00000 -0.329E+02  0.000E+00 -0.284E+02  0.000E+00 -0.349E+02 -0.125E+03  0.000E+00 -0.114E+03     371
   372.00000 -0.329E+02  0.000E+00 -0.284E+02  0.000E+00 -0.349E+02 -0.241E+03  0.000E+00 -0.115E+03     372
   373.00000 -0.329E+02  0.000E+00 -0.284E+02  0.000E+00 -0.349E+02 -0.257E+03  0.000E+00 -0.115E+03     373
   374.00000 -0.328E+02  0.000E+00 -0.283E+02  0.000E+00 -0.350E+02 -0.329E+03  0.000E+00 -0.115E+03     374
   375.00000 -0.328E+02  0.000E+00 -0.283E+02  0.000E+00 -0.350E+02 -0.433E+03  0.000E+00 -0.115E+03     375
   376.00000 -0.328E+02  0.000E+00 -0.283E+02  0.000E+00 -0.350E+02 -0.555E+03  0.000E+00 -0.115E+03     376
   377.00000 -0.327E+02  0.000E+00 -0.282E+02  0.000E+00 -0.350E+02 -0.712E+03  0.000E+00 -0.115E+03     377
   378.00000 -0.327E+02  0.000E+00 -0.282E+02  0.000E+00 -0.350E+02 -0.895E+03  0.000E+00 -0.116E+03     378
   379.00000 -0.327E+02  0.000E+00 -0.282E+02  0.000E+00 -0.350E+02 -0.744E+03  0.000E+00 -0.116E+03     379
   380.00000 -0.326E+02  0.000E+00 -0.281E+02  0.000E+00 -0.350E+02 -0.118E+04  0.000E+00 -0.116E+03     380
   381.00000 -0.326E+02  0.000E+00 -0.281E+02  0.000E+00 -0.350E+02 -0.131E+04  0.000E+00 -0.116E+03     381
   382.00000 -0.325E+02  0.000E+00 -0.281E+02  0.000E+00 -0.350E+02 -0.193E+04  0.000E+00 -0.116E+03     382
   383.00000 -0.327E+02  0.000E+00 -0.282E+02  0.000E+00 -0.351E+02 -0.199E+03  0.000E+00 -0.117E+03     383
   384.00000 -0.327E+02  0.000E+00 -0.282E+02  0.000E+00 -0.351E+02 -0.308E+03  0.000E+00 -0.117E+03     384
   385.00000 -0.327E+02  0.000E+00 -0.282E+02  0.000E+00 -0.351E+02 -0.419E+03  0.000E+00 -0.117E+03     385
   386.00000 -0.327E+02  0.000E+00 -0.282E+02  0.000E+00 -0.351E+02 -0.430E+03  0.000E+00 -0.117E+03     386
   387.00000 -0.326E+02  0.000E+00 -0.282E+02  0.000E+00 -0.351E+02 -0.592E+03  0.000E+00 -0.117E+03     387
   388.00000 -0.326E+02  0.000E+00 -0.281E+02  0.000E+00 -0.351E+02 -0.795E+03  0.000E+00 -0.117E+03     388
   389.00000 -0.328E+02  0.000E+00 -0.283E+02  0.000E+00 -0.351E+02 -0.148E+03  0.000E+00 -0.117E+03     389
   390.00000 -0.328E+02  0.000E+00 -0.283E+02  0.000E+00 -0.351E+02 -0.256E+03  0.000E+00 -0.118E+03     390
   391.00000 -0.328E+02  0.000E+00 -0.283E+02  0.000E+00 -0.351E+02 -0.299E+03  0.000E+00 -0.118E+03     391
   392.00000 -0.327E+02  0.000E+00 -0.282E+02  0.000E+00 -0.351E+02 -0.344E+03  0.000E+00 -0.118E+03     392
   393.00000 -0.327E+02  0.000E+00 -0.282E+02  0.000E+00 -0.352E+02 -0.616E+03  0.000E+00 -0.118E+03     393
   394.00000 -0.326E+02  0.000E+00 -0.281E+02  0.000E+00 -0.352E+02 -0.836E+03  0.000E+00 -0.118E+03     394
   395.00000 -0.325E+02  0.000E+00 -0.281E+02  0.000E+00 -0.352E+02 -0.156E+04  0.000E+00 -0.118E+03     395
   396.00000 -0.327E+02  0.000E+00 -0.282E+02  0.000E+00 -0.352E+02 -0.221E+03  0.000E+00 -0.119E+03     396
   397.00000 -0.327E+02  0.000E+00 -0.282E+02  0.000E+00 -0.352E+02 -0.317E+03  0.000E+00 -0.119E+03     397
   398.00000 -0.327E+02  0.000E+00 -0.282E+02  0.000E+00 -0.352E+02 -0.335E+03  0.000E+00 -0.119E+03     398
   399.00000 -0.327E+02  0.000E+00 -0.282E+02  0.000E+00 -0.352E+02 -0.367E+03  0.000E+00 -0.119E+03     399
   400.00000 -0.326E+02  0.000E+00 -0.281E+02  0.000E+00 -0.352E+02 -0.461E+03  0.000E+00 -0.119E+03     400
   401.00000 -0.326E+02  0.000E+00 -0.281E+02  0.000E+00 -0.352E+02 -0.513E+03  0.000E+00 -0.119E+03     401
   402.00000 -0.326E+02  0.000E+00 -0.281E+02  0.000E+00 -0.352E+02 -0.618E+03  0.000E+00 -0.119E+03     402
   403.00000 -0.325E+02  0.000E+00 -0.280E+02  0.000E+00 -0.352E+02 -0.132E+04  0.000E+00 -0.119E+03     403
   404.00000 -0.325E+02  0.000E+00 -0.280E+02  0.000E+00 -0.352E+02 -0.152E+04  0.000E+00 -0.120E+03     404
   405.00000 -0.324E+02  0.000E+00 -0.280E+02  0.000E+00 -0.352E+02 -0.178E+04  0.000E+00 -0.120E+03     405
   406.00000 -0.324E+02  0.000E+00 -0.279E+02  0.000E+00 -0.352E+02 -0.250E+04  0.000E+00 -0.120E+03     406
   407.00000 -0.326E+02  0.000E+00 -0.281E+02  0.000E+00 -0.353E+02 -0.214E+03  0.000E+00 -0.120E+03     407
   408.00000 -0.325E+02  0.000E+00 -0.281E+02  0.000E+00 -0.353E+02 -0.392E+03  0.000E+00 -0.120E+03     408
   409.00000 -0.325E+02  0.000E+00 -0.280E+02  0.000E+00 -0.353E+02 -0.540E+03  0.000E+00 -0.120E+03     409
   410.00000 -0.326E+02  0.000E+00 -0.281E+02  0.000E+00 -0.353E+02 -0.183E+03  0.000E+00 -0.120E+03     410
   411.00000 -0.329E+02  0.000E+00 -0.284E+02  0.000E+00 -0.353E+02 -0.888E+02  0.000E+00 -0.120E+03     411
   412.00000 -0.329E+02  0.000E+00 -0.284E+02  0.000E+00 -0.353E+02 -0.159E+03  0.000E+00 -0.120E+03     412
   413.00000 -0.329E+02  0.000E+00 -0.284E+02  0.000E+00 -0.353E+02 -0.206E+03  0.000E+00 -0.121E+03     413
   414.00000 -0.329E+02  0.000E+00 -0.283E+02  0.000E+00 -0.353E+02 -0.224E+03  0.000E+00 -0.121E+03     414
   415.00000 -0.328E+02  0.000E+00 -0.283E+02  0.000E+00 -0.353E+02 -0.311E+03  0.000E+00 -0.121E+03     415
   416.00000 -0.328E+02  0.000E+00 -0.283E+02  0.000E+00 -0.353E+02 -0.289E+03  0.000E+00 -0.121E+03     416
   417.00000 -0.328E+02  0.000E+00 -0.283E+02  0.000E+00 -0.353E+02 -0.279E+03  0.000E+00 -0.121E+03     417
   418.00000 -0.328E+02  0.000E+00 -0.283E+02  0.000E+00 -0.353E+02 -0.277E+03  0.000E+00 -0.121E+03     418
   419.00000 -0.328E+02  0.000E+00 -0.283E+02  0.000E+00 -0.353E+02 -0.280E+03  0.000E+00 -0.121E+03     419
   420.00000 -0.328E+02  0.000E+00 -0.283E+02  0.000E+00 -0.353E+02 -0.292E+03  0.000E+00 -0.121E+03     420
   421.00000 -0.328E+02  0.000E+00 -0.283E+02  0.000E+00 -0.353E+02 -0.325E+03  0.000E+00 -0.122E+03     421
   422.00000 -0.327E+02  0.000E+00 -0.282E+02  0.000E+00 -0.353E+02 -0.408E+03  0.000E+00 -0.122E+03     422
   423.00000 -0.327E+02  0.000E+00 -0.282E+02  0.000E+00 -0.353E+02 -0.606E+03  0.000E+00 -0.122E+03     423
   424.00000 -0.326E+02  0.000E+00 -0.281E+02  0.000E+00 -0.354E+02 -0.774E+03  0.000E+00 -0.122E+03     424
   425.00000 -0.326E+02  0.000E+00 -0.281E+02  0.000E+00 -0.354E+02 -0.109E+04  0.000E+00 -0.122E+03     425
   426.00000 -0.325E+02  0.000E+00 -0.281E+02  0.000E+00 -0.354E+02 -0.995E+03  0.000E+00 -0.122E+03     426
   427.00000 -0.325E+02  0.000E+00 -0.281E+02  0.000E+00 -0.354E+02 -0.855E+03  0.000E+00 -0.122E+03     427
   428.00000 -0.325E+02  0.000E+00 -0.281E+02  0.000E+00 -0.354E+02 -0.812E+03  0.000E+00 -0.123E+03     428
   429.00000 -0.325E+02  0.000E+00 -0.280E+02  0.000E+00 -0.354E+02 -0.754E+03  0.000E+00 -0.123E+03     429
   430.00000 -0.325E+02  0.000E+00 -0.280E+02  0.000E+00 -0.354E+02 -0.741E+03  0.000E+00 -0.123E+03     430
   431.00000 -0.325E+02  0.000E+00 -0.280E+02  0.000E+00 -0.354E+02 -0.933E+03  0.000E+00 -0.123E+03     431
   432.00000 -0.325E+02  0.000E+00 -0.280E+02  0.000E+00 -0.354E+02 -0.814E+03  0.000E+00 -0.123E+03     432
   433.00000 -0.324E+02  0.000E+00 -0.280E+02  0.000E+00 -0.354E+02 -0.759E+03  0.000E+00 -0.123E+03     433
   434.00000 -0.324E+02  0.000E+00 -0.280E+02  0.000E+00 -0.354E+02 -0.867E+03  0.000E+00 -0.124E+03     434
   435.00000 -0.324E+02  0.000E+00 -0.279E+02  0.000E+00 -0.354E+02 -0.106E+04  0.000E+00 -0.124E+03     435
   436.00000 -0.323E+02  0.000E+00 -0.279E+02  0.000E+00 -0.354E+02 -0.178E+04  0.000E+00 -0.124E+03     436
   437.00000 -0.326E+02  0.000E+00 -0.281E+02  0.000E+00 -0.354E+02 -0.131E+03  0.000E+00 -0.124E+03     437
   438.00000 -0.326E+02  0.000E+00 -0.281E+02  0.000E+00 -0.354E+02 -0.346E+03  0.000E+00 -0.124E+03     438
   439.00000 -0.325E+02  0.000E+00 -0.280E+02  0.000E+00 -0.354E+02 -0.589E+03  0.000E+00 -0.124E+03     439
   440.00000 -0.325E+02  0.000E+00 -0.280E+02  0.000E+00 -0.354E+02 -0.708E+03  0.000E+00 -0.124E+03     440
   441.00000 -0.324E+02  0.000E+00 -0.280E+02  0.000E+00 -0.354E+02 -0.108E+04  0.000E+00 -0.125E+03     441
   442.00000 -0.324E+02  0.000E+00 -0.279E+02  0.000E+00 -0.355E+02 -0.155E+04  0.000E+00 -0.125E+03     442
   443.00000 -0.323E+02  0.000E+00 -0.279E+02  0.000E+00 -0.355E+02 -0.287E+04  0.000E+00 -0.125E+03     443
   444.00000 -0.323E+02  0.000E+00 -0.278E+02  0.000E+00 -0.355E+02 -0.341E+04  0.000E+00 -0.125E+03     444
   445.00000 -0.322E+02  0.000E+00 -0.278E+02  0.000E+00 -0.355E+02 -0.446E+04  0.000E+00 -0.125E+03     445
   446.00000 -0.322E+02  0.000E+00 -0.278E+02  0.000E+00 -0.355E+02 -0.754E+04  0.000E+00 -0.125E+03     446
   447.00000 -0.321E+02  0.000E+00 -0.277E+02  0.000E+00 -0.355E+02 -0.273E+05  0.000E+00 -0.125E+03     447
   448.00000 -0.321E+02  0.000E+00 -0.277E+02  0.000E+00 -0.355E+02 -0.268E+05  0.000E+00 -0.126E+03     448
   449.00000 -0.320E+02  0.000E+00 -0.276E+02  0.000E+00 -0.355E+02 -0.317E+05  0.000E+00 -0.126E+03     449
   450.00000 -0.320E+02  0.000E+00 -0.276E+02  0.000E+00 -0.355E+02 -0.430E+05  0.000E+00 -0.126E+03     450
   451.00000 -0.319E+02  0.000E+00 -0.276E+02  0.000E+00 -0.355E+02 -0.100E+06  0.000E+00 -0.126E+03     451
   452.00000 -0.322E+02  0.000E+00 -0.278E+02  0.000E+00 -0.355E+02 -0.224E+03  0.000E+00 -0.126E+03     452
   453.00000 -0.322E+02  0.000E+00 -0.278E+02  0.000E+00 -0.355E+02 -0.558E+03  0.000E+00 -0.126E+03     453
   454.00000 -0.321E+02  0.000E+00 -0.277E+02  0.000E+00 -0.355E+02 -0.124E+04  0.000E+00 -0.126E+03     454
   455.00000 -0.321E+02  0.000E+00 -0.277E+02  0.000E+00 -0.355E+02 -0.218E+04  0.000E+00 -0.127E+03     455
   456.00000 -0.320E+02  0.000E+00 -0.277E+02  0.000E+00 -0.355E+02 -0.332E+04  0.000E+00 -0.127E+03     456
   457.00000 -0.320E+02  0.000E+00 -0.276E+02  0.000E+00 -0.355E+02 -0.676E+04  0.000E+00 -0.127E+03     457
   458.00000 -0.319E+02  0.000E+00 -0.276E+02  0.000E+00 -0.355E+02 -0.191E+05  0.000E+00 -0.127E+03     458
   459.00000 -0.319E+02  0.000E+00 -0.275E+02  0.000E+00 -0.355E+02 -0.677E+05  0.000E+00 -0.127E+03     459
   460.00000 -0.318E+02  0.000E+00 -0.275E+02  0.000E+00 -0.355E+02 -0.100E+06  0.000E+00 -0.127E+03     460
   461.00000 -0.317E+02  0.000E+00 -0.274E+02  0.000E+00 -0.355E+02 -0.100E+06  0.000E+00 -0.127E+03     461
   462.00000 -0.317E+02  0.000E+00 -0.274E+02  0.000E+00 -0.356E+02 -0.100E+06  0.000E+00 -0.128E+03     462
   463.00000 -0.316E+02  0.000E+00 -0.274E+02  0.000E+00 -0.356E+02 -0.100E+06  0.000E+00 -0.128E+03     463
   464.00000 -0.315E+02  0.000E+00 -0.274E+02  0.000E+00 -0.356E+02 -0.100E+06  0.000E+00 -0.128E+03     464
   465.00000 -0.317E+02  0.000E+00 -0.275E+02  0.000E+00 -0.356E+02 -0.432E+03  0.000E+00 -0.128E+03     465
   466.00000 -0.317E+02  0.000E+00 -0.275E+02  0.000E+00 -0.356E+02 -0.109E+04  0.000E+00 -0.128E+03     466
   467.00000 -0.317E+02  0.000E+00 -0.275E+02  0.000E+00 -0.356E+02 -0.198E+04  0.000E+00 -0.128E+03     467
   468.00000 -0.316E+02  0.000E+00 -0.275E+02  0.000E+00 -0.356E+02 -0.336E+04  0.000E+00 -0.128E+03     468
   469.00000 -0.316E+02  0.000E+00 -0.274E+02  0.000E+00 -0.356E+02 -0.515E+04  0.000E+00 -0.129E+03     469
   470.00000 -0.316E+02  0.000E+00 -0.274E+02  0.000E+00 -0.356E+02 -0.705E+04  0.000E+00 -0.129E+03     470
   471.00000 -0.318E+02  0.000E+00 -0.276E+02  0.000E+00 -0.356E+02 -0.279E+03  0.000E+00 -0.129E+03     471
   472.00000 -0.317E+02  0.000E+00 -0.275E+02  0.000E+00 -0.356E+02 -0.665E+03  0.000E+00 -0.129E+03     472
   473.00000 -0.317E+02  0.000E+00 -0.275E+02  0.000E+00 -0.356E+02 -0.158E+04  0.000E+00 -0.129E+03     473
   474.00000 -0.316E+02  0.000E+00 -0.274E+02  0.000E+00 -0.356E+02 -0.496E+04  0.000E+00 -0.129E+03     474
   475.00000 -0.316E+02  0.000E+00 -0.274E+02  0.000E+00 -0.356E+02 -0.974E+04  0.000E+00 -0.129E+03     475
   476.00000 -0.317E+02  0.000E+00 -0.275E+02  0.000E+00 -0.356E+02 -0.363E+03  0.000E+00 -0.130E+03     476
   477.00000 -0.317E+02  0.000E+00 -0.275E+02  0.000E+00 -0.356E+02 -0.870E+03  0.000E+00 -0.130E+03     477
   478.00000 -0.317E+02  0.000E+00 -0.275E+02  0.000E+00 -0.356E+02 -0.460E+03  0.000E+00 -0.130E+03     478
   479.00000 -0.316E+02  0.000E+00 -0.275E+02  0.000E+00 -0.356E+02 -0.150E+04  0.000E+00 -0.130E+03     479
   480.00000 -0.316E+02  0.000E+00 -0.274E+02  0.000E+00 -0.356E+02 -0.578E+04 -0.966E+03 -0.130E+03     480
   481.00000 -0.315E+02  0.000E+00 -0.273E+02  0.000E+00 -0.356E+02 -0.202E+05 -0.149E+04 -0.130E+03     481
   482.00000 -0.314E+02  0.000E+00 -0.273E+02  0.000E+00 -0.356E+02 -0.100E+06 -0.268E+04 -0.130E+03     482
   483.00000 -0.313E+02  0.000E+00 -0.272E+02  0.000E+00 -0.356E+02 -0.100E+06 -0.337E+04 -0.130E+03     483
   484.00000 -0.318E+02  0.000E+00 -0.276E+02  0.000E+00 -0.357E+02 -0.138E+03 -0.290E+03 -0.131E+03     484
   485.00000 -0.317E+02  0.000E+00 -0.275E+02  0.000E+00 -0.357E+02 -0.480E+03 -0.373E+03 -0.131E+03     485
   486.00000 -0.318E+02  0.000E+00 -0.276E+02  0.000E+00 -0.357E+02 -0.219E+03 -0.303E+03 -0.131E+03     486
   487.00000 -0.317E+02  0.000E+00 -0.275E+02  0.000E+00 -0.357E+02 -0.619E+03 -0.387E+03 -0.131E+03     487
   488.00000 -0.316E+02  0.000E+00 -0.275E+02  0.000E+00 -0.357E+02 -0.115E+04 -0.505E+03 -0.131E+03     488
   489.00000 -0.315E+02  0.000E+00 -0.274E+02  0.000E+00 -0.357E+02 -0.415E+04 -0.752E+03 -0.131E+03     489
   490.00000 -0.314E+02  0.000E+00 -0.273E+02  0.000E+00 -0.357E+02 -0.182E+05 -0.125E+04 -0.131E+03     490
   491.00000 -0.316E+02  0.000E+00 -0.274E+02  0.000E+00 -0.357E+02 -0.470E+03 -0.918E+03 -0.132E+03     491
   492.00000 -0.315E+02  0.000E+00 -0.273E+02  0.000E+00 -0.357E+02 -0.324E+04 -0.915E+03 -0.132E+03     492
   493.00000 -0.314E+02  0.000E+00 -0.273E+02  0.000E+00 -0.357E+02 -0.164E+05 -0.136E+04 -0.132E+03     493
   494.00000 -0.313E+02  0.000E+00 -0.272E+02  0.000E+00 -0.357E+02 -0.731E+05 -0.232E+04 -0.132E+03     494
   495.00000 -0.312E+02  0.000E+00 -0.272E+02  0.000E+00 -0.357E+02 -0.100E+06 -0.328E+04 -0.132E+03     495
   496.00000 -0.311E+02  0.000E+00 -0.271E+02  0.000E+00 -0.357E+02 -0.100E+06 -0.355E+04 -0.132E+03     496
   497.00000 -0.314E+02  0.000E+00 -0.274E+02  0.000E+00 -0.357E+02 -0.214E+03 -0.568E+03 -0.132E+03     497
   498.00000 -0.314E+02  0.000E+00 -0.273E+02  0.000E+00 -0.357E+02 -0.102E+04 -0.597E+03 -0.132E+03     498
   499.00000 -0.313E+02  0.000E+00 -0.273E+02  0.000E+00 -0.357E+02 -0.464E+04 -0.878E+03 -0.133E+03     499
   500.00000 -0.312E+02  0.000E+00 -0.272E+02  0.000E+00 -0.357E+02 -0.285E+05 -0.157E+04 -0.133E+03     500
   501.00000 -0.313E+02  0.000E+00 -0.273E+02  0.000E+00 -0.357E+02 -0.471E+03 -0.113E+04 -0.133E+03     501
   502.00000 -0.313E+02  0.000E+00 -0.273E+02  0.000E+00 -0.357E+02 -0.101E+04 -0.948E+03 -0.133E+03     502
   503.00000 -0.313E+02  0.000E+00 -0.273E+02  0.000E+00 -0.357E+02 -0.969E+03 -0.891E+03 -0.133E+03     503
   504.00000 -0.317E+02  0.000E+00 -0.276E+02  0.000E+00 -0.357E+02 -0.106E+03 -0.172E+03 -0.133E+03     504
   505.00000 -0.318E+02  0.000E+00 -0.277E+02  0.000E+00 -0.357E+02 -0.116E+03 -0.146E+03 -0.133E+03     505
   506.00000 -0.318E+02  0.000E+00 -0.277E+02  0.000E+00 -0.357E+02 -0.176E+03 -0.179E+03 -0.134E+03     506
   507.00000 -0.318E+02  0.000E+00 -0.277E+02  0.000E+00 -0.357E+02 -0.198E+03 -0.200E+03 -0.134E+03     507
   508.00000 -0.318E+02  0.000E+00 -0.277E+02  0.000E+00 -0.358E+02 -0.213E+03 -0.213E+03 -0.134E+03     508
   509.00000 -0.318E+02  0.000E+00 -0.277E+02  0.000E+00 -0.358E+02 -0.223E+03 -0.223E+03 -0.134E+03     509
   510.00000 -0.335E+02  0.000E+00 -0.291E+02  0.000E+00 -0.358E+02 -0.141E+02 -0.176E+02 -0.134E+03     510
   511.00000 -0.335E+02  0.000E+00 -0.291E+02  0.000E+00 -0.358E+02 -0.629E+02 -0.622E+02 -0.134E+03     511
   512.00000 -0.351E+02  0.000E+00 -0.305E+02  0.000E+00 -0.358E+02 -0.111E+02 -0.146E+02 -0.134E+03     512
   513.00000 -0.368E+02  0.000E+00 -0.319E+02  0.000E+00 -0.358E+02 -0.975E+01 -0.124E+02 -0.135E+03     513
   514.00000 -0.368E+02  0.000E+00 -0.319E+02  0.000E+00 -0.358E+02 -0.471E+02 -0.457E+02 -0.135E+03     514
   515.00000 -0.386E+02  0.000E+00 -0.335E+02  0.000E+00 -0.358E+02 -0.812E+01 -0.128E+02 -0.135E+03     515
   516.00000 -0.403E+02  0.000E+00 -0.349E+02  0.000E+00 -0.358E+02 -0.869E+01 -0.140E+02 -0.135E+03     516
   517.00000 -0.403E+02  0.000E+00 -0.349E+02  0.000E+00 -0.358E+02 -0.421E+02 -0.406E+02 -0.135E+03     517
   518.00000 -0.403E+02  0.000E+00 -0.349E+02  0.000E+00 -0.358E+02 -0.540E+02 -0.520E+02 -0.135E+03     518
   519.00000 -0.403E+02  0.000E+00 -0.349E+02  0.000E+00 -0.358E+02 -0.621E+02 -0.593E+02 -0.135E+03     519
   520.00000 -0.406E+02  0.000E+00 -0.352E+02  0.000E+00 -0.358E+02 -0.397E+02 -0.545E+02 -0.136E+03     520
   521.00000 -0.406E+02  0.000E+00 -0.352E+02  0.000E+00 -0.358E+02 -0.610E+02 -0.611E+02 -0.136E+03     521
   522.00000 -0.406E+02  0.000E+00 -0.352E+02  0.000E+00 -0.358E+02 -0.698E+02 -0.667E+02 -0.136E+03     522
   523.00000 -0.406E+02  0.000E+00 -0.352E+02  0.000E+00 -0.358E+02 -0.758E+02 -0.709E+02 -0.136E+03     523
   524.00000 -0.406E+02  0.000E+00 -0.352E+02  0.000E+00 -0.358E+02 -0.808E+02 -0.744E+02 -0.136E+03     524
   525.00000 -0.406E+02  0.000E+00 -0.352E+02  0.000E+00 -0.358E+02 -0.851E+02 -0.772E+02 -0.136E+03     525
   526.00000 -0.406E+02  0.000E+00 -0.352E+02  0.000E+00 -0.358E+02 -0.887E+02 -0.797E+02 -0.136E+03     526
   527.00000 -0.406E+02  0.000E+00 -0.352E+02  0.000E+00 -0.358E+02 -0.921E+02 -0.820E+02 -0.136E+03     527
   528.00000 -0.406E+02  0.000E+00 -0.352E+02  0.000E+00 -0.358E+02 -0.947E+02 -0.840E+02 -0.135E+03     528
   529.00000 -0.406E+02  0.000E+00 -0.352E+02  0.000E+00 -0.358E+02 -0.979E+02 -0.862E+02 -0.135E+03     529
   530.00000 -0.406E+02  0.000E+00 -0.352E+02  0.000E+00 -0.358E+02 -0.999E+02 -0.882E+02 -0.134E+03     530
   531.00000 -0.406E+02  0.000E+00 -0.352E+02  0.000E+00 -0.358E+02 -0.104E+03 -0.902E+02 -0.132E+03     531
   532.00000 -0.406E+02  0.000E+00 -0.352E+02  0.000E+00 -0.358E+02 -0.104E+03 -0.919E+02 -0.130E+03     532
   533.00000 -0.406E+02  0.000E+00 -0.352E+02  0.000E+00 -0.358E+02 -0.109E+03 -0.939E+02 -0.126E+03     533
   534.00000 -0.433E+02  0.000E+00 -0.375E+02  0.000E+00 -0.359E+02 -0.458E+01 -0.565E+02 -0.122E+03     534
   535.00000 -0.451E+02  0.000E+00 -0.390E+02  0.000E+00 -0.359E+02 -0.754E+01 -0.333E+02 -0.118E+03     535
   536.00000 -0.469E+02  0.000E+00 -0.405E+02  0.000E+00 -0.359E+02 -0.766E+01 -0.229E+02 -0.114E+03     536
   537.00000 -0.486E+02  0.000E+00 -0.420E+02  0.000E+00 -0.359E+02 -0.751E+01 -0.185E+02 -0.110E+03     537
   538.00000 -0.503E+02  0.000E+00 -0.434E+02  0.000E+00 -0.359E+02 -0.808E+01 -0.174E+02 -0.989E+02     538
   539.00000 -0.503E+02  0.000E+00 -0.434E+02  0.000E+00 -0.360E+02 -0.396E+02 -0.300E+02 -0.856E+02     539
   540.00000 -0.522E+02  0.000E+00 -0.451E+02  0.000E+00 -0.361E+02 -0.669E+01 -0.202E+02 -0.796E+02     540
   541.00000 -0.539E+02  0.000E+00 -0.465E+02  0.000E+00 -0.364E+02 -0.809E+01 -0.172E+02 -0.693E+02     541
   542.00000 -0.539E+02  0.000E+00 -0.465E+02  0.000E+00 -0.370E+02 -0.396E+02 -0.295E+02 -0.622E+02     542
   543.00000 -0.539E+02  0.000E+00 -0.465E+02  0.000E+00 -0.380E+02 -0.503E+02 -0.381E+02 -0.593E+02     543
   544.00000 -0.539E+02  0.000E+00 -0.465E+02  0.000E+00 -0.390E+02 -0.580E+02 -0.445E+02 -0.597E+02     544
   545.00000 -0.539E+02  0.000E+00 -0.465E+02  0.000E+00 -0.399E+02 -0.639E+02 -0.497E+02 -0.608E+02     545
   546.00000 -0.539E+02  0.000E+00 -0.465E+02  0.000E+00 -0.407E+02 -0.691E+02 -0.541E+02 -0.629E+02     546
   547.00000 -0.539E+02  0.000E+00 -0.465E+02  0.000E+00 -0.414E+02 -0.733E+02 -0.580E+02 -0.651E+02     547
   548.00000 -0.542E+02  0.000E+00 -0.467E+02  0.000E+00 -0.421E+02 -0.426E+02 -0.574E+02 -0.669E+02     548
   549.00000 -0.544E+02  0.000E+00 -0.470E+02  0.000E+00 -0.426E+02 -0.399E+02 -0.564E+02 -0.683E+02     549
   550.00000 -0.547E+02  0.000E+00 -0.472E+02  0.000E+00 -0.431E+02 -0.385E+02 -0.554E+02 -0.695E+02     550
   551.00000 -0.547E+02  0.000E+00 -0.472E+02  0.000E+00 -0.435E+02 -0.599E+02 -0.578E+02 -0.705E+02     551
   552.00000 -0.547E+02  0.000E+00 -0.472E+02  0.000E+00 -0.439E+02 -0.689E+02 -0.610E+02 -0.713E+02     552
   553.00000 -0.555E+02  0.000E+00 -0.479E+02  0.000E+00 -0.443E+02 -0.219E+02 -0.540E+02 -0.720E+02     553
   554.00000 -0.557E+02  0.000E+00 -0.480E+02  0.000E+00 -0.446E+02 -0.400E+02 -0.533E+02 -0.725E+02     554
   555.00000 -0.561E+02  0.000E+00 -0.483E+02  0.000E+00 -0.449E+02 -0.335E+02 -0.519E+02 -0.729E+02     555
   556.00000 -0.561E+02  0.000E+00 -0.483E+02  0.000E+00 -0.452E+02 -0.557E+02 -0.547E+02 -0.732E+02     556
   557.00000 -0.561E+02  0.000E+00 -0.483E+02  0.000E+00 -0.455E+02 -0.650E+02 -0.582E+02 -0.735E+02     557
   558.00000 -0.561E+02  0.000E+00 -0.483E+02  0.000E+00 -0.458E+02 -0.716E+02 -0.617E+02 -0.736E+02     558
   559.00000 -0.561E+02  0.000E+00 -0.483E+02  0.000E+00 -0.461E+02 -0.766E+02 -0.648E+02 -0.738E+02     559
   560.00000 -0.561E+02  0.000E+00 -0.483E+02  0.000E+00 -0.463E+02 -0.810E+02 -0.678E+02 -0.739E+02     560
   561.00000 -0.577E+02  0.000E+00 -0.497E+02  0.000E+00 -0.466E+02 -0.103E+02 -0.503E+02 -0.740E+02     561
   562.00000 -0.594E+02  0.000E+00 -0.511E+02  0.000E+00 -0.468E+02 -0.884E+01 -0.335E+02 -0.741E+02     562
   563.00000 -0.610E+02  0.000E+00 -0.525E+02  0.000E+00 -0.471E+02 -0.833E+01 -0.232E+02 -0.742E+02     563
   564.00000 -0.631E+02  0.000E+00 -0.543E+02  0.000E+00 -0.473E+02 -0.562E+01 -0.157E+02 -0.734E+02     564
   565.00000 -0.648E+02  0.000E+00 -0.557E+02  0.000E+00 -0.477E+02 -0.802E+01 -0.163E+02 -0.697E+02     565
   566.00000 -0.648E+02  0.000E+00 -0.557E+02  0.000E+00 -0.482E+02 -0.394E+02 -0.292E+02 -0.671E+02     566
   567.00000 -0.664E+02  0.000E+00 -0.571E+02  0.000E+00 -0.489E+02 -0.861E+01 -0.225E+02 -0.612E+02     567
   568.00000 -0.681E+02  0.000E+00 -0.585E+02  0.000E+00 -0.499E+02 -0.814E+01 -0.180E+02 -0.594E+02     568
   569.00000 -0.697E+02  0.000E+00 -0.599E+02  0.000E+00 -0.510E+02 -0.806E+01 -0.167E+02 -0.590E+02     569
   570.00000 -0.697E+02  0.000E+00 -0.599E+02  0.000E+00 -0.523E+02 -0.395E+02 -0.292E+02 -0.584E+02     570
   571.00000 -0.718E+02  0.000E+00 -0.617E+02  0.000E+00 -0.536E+02 -0.599E+01 -0.189E+02 -0.587E+02     571
   572.00000 -0.718E+02  0.000E+00 -0.617E+02  0.000E+00 -0.548E+02 -0.394E+02 -0.297E+02 -0.589E+02     572
   573.00000 -0.718E+02  0.000E+00 -0.617E+02  0.000E+00 -0.559E+02 -0.503E+02 -0.382E+02 -0.593E+02     573
   574.00000 -0.718E+02  0.000E+00 -0.617E+02  0.000E+00 -0.569E+02 -0.580E+02 -0.446E+02 -0.598E+02     574
   575.00000 -0.718E+02  0.000E+00 -0.617E+02  0.000E+00 -0.578E+02 -0.639E+02 -0.497E+02 -0.609E+02     575
   576.00000 -0.718E+02  0.000E+00 -0.617E+02  0.000E+00 -0.586E+02 -0.691E+02 -0.542E+02 -0.631E+02     576
   577.00000 -0.718E+02  0.000E+00 -0.617E+02  0.000E+00 -0.594E+02 -0.734E+02 -0.581E+02 -0.652E+02     577
   578.00000 -0.718E+02  0.000E+00 -0.617E+02  0.000E+00 -0.600E+02 -0.771E+02 -0.615E+02 -0.670E+02     578
   579.00000 -0.718E+02  0.000E+00 -0.617E+02  0.000E+00 -0.605E+02 -0.808E+02 -0.647E+02 -0.684E+02     579
   580.00000 -0.718E+02  0.000E+00 -0.617E+02  0.000E+00 -0.610E+02 -0.841E+02 -0.676E+02 -0.696E+02     580
   581.00000 -0.718E+02  0.000E+00 -0.617E+02  0.000E+00 -0.614E+02 -0.871E+02 -0.704E+02 -0.705E+02     581
   582.00000 -0.718E+02  0.000E+00 -0.617E+02  0.000E+00 -0.618E+02 -0.898E+02 -0.729E+02 -0.714E+02     582
   583.00000 -0.718E+02  0.000E+00 -0.617E+02  0.000E+00 -0.622E+02 -0.923E+02 -0.753E+02 -0.721E+02     583
   584.00000 -0.718E+02  0.000E+00 -0.617E+02  0.000E+00 -0.625E+02 -0.947E+02 -0.775E+02 -0.726E+02     584
   585.00000 -0.718E+02  0.000E+00 -0.617E+02  0.000E+00 -0.628E+02 -0.969E+02 -0.796E+02 -0.731E+02     585
   586.00000 -0.718E+02  0.000E+00 -0.617E+02  0.000E+00 -0.631E+02 -0.991E+02 -0.816E+02 -0.736E+02     586
   587.00000 -0.718E+02  0.000E+00 -0.617E+02  0.000E+00 -0.634E+02 -0.101E+03 -0.836E+02 -0.740E+02     587
   588.00000 -0.718E+02  0.000E+00 -0.617E+02  0.000E+00 -0.636E+02 -0.103E+03 -0.854E+02 -0.744E+02     588
   589.00000 -0.719E+02  0.000E+00 -0.618E+02  0.000E+00 -0.638E+02 -0.847E+02 -0.858E+02 -0.747E+02     589
   590.00000 -0.719E+02  0.000E+00 -0.618E+02  0.000E+00 -0.640E+02 -0.969E+02 -0.873E+02 -0.749E+02     590
   591.00000 -0.719E+02  0.000E+00 -0.618E+02  0.000E+00 -0.642E+02 -0.102E+03 -0.890E+02 -0.752E+02     591
   592.00000 -0.719E+02  0.000E+00 -0.618E+02  0.000E+00 -0.644E+02 -0.105E+03 -0.906E+02 -0.754E+02     592
   593.00000 -0.719E+02  0.000E+00 -0.618E+02  0.000E+00 -0.646E+02 -0.108E+03 -0.922E+02 -0.756E+02     593
   594.00000 -0.719E+02  0.000E+00 -0.618E+02  0.000E+00 -0.648E+02 -0.110E+03 -0.937E+02 -0.760E+02     594
   595.00000 -0.719E+02  0.000E+00 -0.618E+02  0.000E+00 -0.650E+02 -0.112E+03 -0.952E+02 -0.766E+02     595
   596.00000 -0.719E+02  0.000E+00 -0.618E+02  0.000E+00 -0.651E+02 -0.114E+03 -0.967E+02 -0.770E+02     596
   597.00000 -0.719E+02  0.000E+00 -0.618E+02  0.000E+00 -0.653E+02 -0.116E+03 -0.981E+02 -0.778E+02     597
   598.00000 -0.719E+02  0.000E+00 -0.618E+02  0.000E+00 -0.654E+02 -0.118E+03 -0.995E+02 -0.785E+02     598
   599.00000 -0.718E+02  0.000E+00 -0.617E+02  0.000E+00 -0.656E+02 -0.163E+03 -0.103E+03 -0.792E+02     599
   600.00000 -0.717E+02  0.000E+00 -0.616E+02  0.000E+00 -0.657E+02 -0.195E+03 -0.106E+03 -0.798E+02     600
   601.00000 -0.719E+02  0.000E+00 -0.618E+02  0.000E+00 -0.659E+02 -0.885E+02 -0.104E+03 -0.805E+02     601
   602.00000 -0.724E+02  0.000E+00 -0.622E+02  0.000E+00 -0.660E+02 -0.380E+02 -0.950E+02 -0.811E+02     602
   603.00000 -0.725E+02  0.000E+00 -0.623E+02  0.000E+00 -0.662E+02 -0.592E+02 -0.924E+02 -0.817E+02     603
   604.00000 -0.724E+02  0.000E+00 -0.622E+02  0.000E+00 -0.663E+02 -0.102E+03 -0.942E+02 -0.823E+02     604
   605.00000 -0.723E+02  0.000E+00 -0.622E+02  0.000E+00 -0.664E+02 -0.123E+03 -0.967E+02 -0.828E+02     605
   606.00000 -0.723E+02  0.000E+00 -0.621E+02  0.000E+00 -0.665E+02 -0.149E+03 -0.999E+02 -0.833E+02     606
   607.00000 -0.722E+02  0.000E+00 -0.620E+02  0.000E+00 -0.667E+02 -0.174E+03 -0.103E+03 -0.838E+02     607
   608.00000 -0.721E+02  0.000E+00 -0.620E+02  0.000E+00 -0.668E+02 -0.203E+03 -0.107E+03 -0.843E+02     608
   609.00000 -0.720E+02  0.000E+00 -0.619E+02  0.000E+00 -0.669E+02 -0.245E+03 -0.111E+03 -0.847E+02     609
   610.00000 -0.720E+02  0.000E+00 -0.618E+02  0.000E+00 -0.670E+02 -0.275E+03 -0.114E+03 -0.851E+02     610
   611.00000 -0.719E+02  0.000E+00 -0.618E+02  0.000E+00 -0.671E+02 -0.331E+03  0.000E+00 -0.855E+02     611
   612.00000 -0.718E+02  0.000E+00 -0.617E+02  0.000E+00 -0.672E+02 -0.490E+03  0.000E+00 -0.859E+02     612
   613.00000 -0.717E+02  0.000E+00 -0.616E+02  0.000E+00 -0.673E+02 -0.682E+03  0.000E+00 -0.862E+02     613
   614.00000 -0.716E+02  0.000E+00 -0.616E+02  0.000E+00 -0.674E+02 -0.670E+03  0.000E+00 -0.866E+02     614
   615.00000 -0.715E+02  0.000E+00 -0.615E+02  0.000E+00 -0.675E+02 -0.120E+04  0.000E+00 -0.869E+02     615
   616.00000 -0.721E+02  0.000E+00 -0.620E+02  0.000E+00 -0.676E+02 -0.515E+02  0.000E+00 -0.872E+02     616
   617.00000 -0.722E+02  0.000E+00 -0.620E+02  0.000E+00 -0.677E+02 -0.828E+02  0.000E+00 -0.875E+02     617
   618.00000 -0.721E+02  0.000E+00 -0.620E+02  0.000E+00 -0.678E+02 -0.124E+03  0.000E+00 -0.878E+02     618
   619.00000 -0.721E+02  0.000E+00 -0.619E+02  0.000E+00 -0.678E+02 -0.162E+03  0.000E+00 -0.881E+02     619
   620.00000 -0.720E+02  0.000E+00 -0.619E+02  0.000E+00 -0.679E+02 -0.183E+03  0.000E+00 -0.884E+02     620
   621.00000 -0.720E+02  0.000E+00 -0.618E+02  0.000E+00 -0.680E+02 -0.190E+03  0.000E+00 -0.887E+02     621
   622.00000 -0.719E+02  0.000E+00 -0.618E+02  0.000E+00 -0.681E+02 -0.214E+03  0.000E+00 -0.889E+02     622
   623.00000 -0.719E+02  0.000E+00 -0.618E+02  0.000E+00 -0.682E+02 -0.240E+03  0.000E+00 -0.892E+02     623
   624.00000 -0.720E+02  0.000E+00 -0.618E+02  0.000E+00 -0.683E+02 -0.131E+03  0.000E+00 -0.895E+02     624
   625.00000 -0.719E+02  0.000E+00 -0.618E+02  0.000E+00 -0.683E+02 -0.200E+03  0.000E+00 -0.897E+02     625
   626.00000 -0.720E+02  0.000E+00 -0.619E+02  0.000E+00 -0.684E+02 -0.115E+03  0.000E+00 -0.900E+02     626
   627.00000 -0.719E+02  0.000E+00 -0.618E+02  0.000E+00 -0.685E+02 -0.178E+03  0.000E+00 -0.902E+02     627
   628.00000 -0.719E+02  0.000E+00 -0.618E+02  0.000E+00 -0.685E+02 -0.183E+03  0.000E+00 -0.905E+02     628
   629.00000 -0.719E+02  0.000E+00 -0.618E+02  0.000E+00 -0.686E+02 -0.208E+03  0.000E+00 -0.907E+02     629
   630.00000 -0.722E+02  0.000E+00 -0.620E+02  0.000E+00 -0.687E+02 -0.730E+02  0.000E+00 -0.909E+02     630
   631.00000 -0.721E+02  0.000E+00 -0.619E+02  0.000E+00 -0.687E+02 -0.141E+03  0.000E+00 -0.912E+02     631
   632.00000 -0.720E+02  0.000E+00 -0.619E+02  0.000E+00 -0.688E+02 -0.168E+03  0.000E+00 -0.914E+02     632
   633.00000 -0.720E+02  0.000E+00 -0.619E+02  0.000E+00 -0.689E+02 -0.189E+03  0.000E+00 -0.916E+02     633
   634.00000 -0.719E+02  0.000E+00 -0.618E+02  0.000E+00 -0.689E+02 -0.214E+03  0.000E+00 -0.918E+02     634
   635.00000 -0.719E+02  0.000E+00 -0.618E+02  0.000E+00 -0.690E+02 -0.241E+03  0.000E+00 -0.920E+02     635
   636.00000 -0.718E+02  0.000E+00 -0.617E+02  0.000E+00 -0.690E+02 -0.286E+03  0.000E+00 -0.921E+02     636
   637.00000 -0.720E+02  0.000E+00 -0.619E+02  0.000E+00 -0.691E+02 -0.107E+03  0.000E+00 -0.923E+02     637
   638.00000 -0.734E+02  0.000E+00 -0.631E+02  0.000E+00 -0.691E+02 -0.154E+02  0.000E+00 -0.925E+02     638
   639.00000 -0.740E+02  0.000E+00 -0.636E+02  0.000E+00 -0.692E+02 -0.262E+02  0.000E+00 -0.926E+02     639
   640.00000 -0.740E+02  0.000E+00 -0.635E+02  0.000E+00 -0.693E+02 -0.598E+02  0.000E+00 -0.928E+02     640
   641.00000 -0.739E+02  0.000E+00 -0.635E+02  0.000E+00 -0.693E+02 -0.774E+02  0.000E+00 -0.929E+02     641
   642.00000 -0.739E+02  0.000E+00 -0.635E+02  0.000E+00 -0.694E+02 -0.900E+02  0.000E+00 -0.931E+02     642
   643.00000 -0.739E+02  0.000E+00 -0.635E+02  0.000E+00 -0.694E+02 -0.102E+03  0.000E+00 -0.932E+02     643
   644.00000 -0.738E+02  0.000E+00 -0.634E+02  0.000E+00 -0.695E+02 -0.110E+03  0.000E+00 -0.933E+02     644
   645.00000 -0.738E+02  0.000E+00 -0.634E+02  0.000E+00 -0.695E+02 -0.117E+03  0.000E+00 -0.934E+02     645
   646.00000 -0.738E+02  0.000E+00 -0.634E+02  0.000E+00 -0.695E+02 -0.126E+03  0.000E+00 -0.935E+02     646
   647.00000 -0.738E+02  0.000E+00 -0.634E+02  0.000E+00 -0.696E+02 -0.133E+03  0.000E+00 -0.936E+02     647
   648.00000 -0.737E+02  0.000E+00 -0.633E+02  0.000E+00 -0.696E+02 -0.160E+03  0.000E+00 -0.937E+02     648
   649.00000 -0.740E+02  0.000E+00 -0.635E+02  0.000E+00 -0.697E+02 -0.648E+02  0.000E+00 -0.938E+02     649
   650.00000 -0.739E+02  0.000E+00 -0.635E+02  0.000E+00 -0.697E+02 -0.101E+03  0.000E+00 -0.938E+02     650
   651.00000 -0.739E+02  0.000E+00 -0.635E+02  0.000E+00 -0.698E+02 -0.116E+03  0.000E+00 -0.938E+02     651
   652.00000 -0.739E+02  0.000E+00 -0.635E+02  0.000E+00 -0.698E+02 -0.129E+03  0.000E+00 -0.938E+02     652
   653.00000 -0.739E+02  0.000E+00 -0.634E+02  0.000E+00 -0.699E+02 -0.137E+03  0.000E+00 -0.937E+02     653
   654.00000 -0.738E+02  0.000E+00 -0.634E+02  0.000E+00 -0.699E+02 -0.143E+03  0.000E+00 -0.937E+02     654
   655.00000 -0.738E+02  0.000E+00 -0.634E+02  0.000E+00 -0.700E+02 -0.152E+03  0.000E+00 -0.936E+02     655
   656.00000 -0.738E+02  0.000E+00 -0.634E+02  0.000E+00 -0.700E+02 -0.161E+03  0.000E+00 -0.936E+02     656
   657.00000 -0.737E+02  0.000E+00 -0.633E+02  0.000E+00 -0.700E+02 -0.176E+03  0.000E+00 -0.935E+02     657
   658.00000 -0.737E+02  0.000E+00 -0.633E+02  0.000E+00 -0.701E+02 -0.201E+03  0.000E+00 -0.934E+02     658
   659.00000 -0.737E+02  0.000E+00 -0.633E+02  0.000E+00 -0.701E+02 -0.195E+03  0.000E+00 -0.934E+02     659
   660.00000 -0.748E+02  0.000E+00 -0.643E+02  0.000E+00 -0.702E+02 -0.196E+02  0.000E+00 -0.933E+02     660
   661.00000 -0.750E+02  0.000E+00 -0.644E+02  0.000E+00 -0.702E+02 -0.478E+02  0.000E+00 -0.932E+02     661
   662.00000 -0.750E+02  0.000E+00 -0.644E+02  0.000E+00 -0.703E+02 -0.732E+02  0.000E+00 -0.932E+02     662
   663.00000 -0.749E+02  0.000E+00 -0.644E+02  0.000E+00 -0.703E+02 -0.890E+02  0.000E+00 -0.931E+02     663
   664.00000 -0.749E+02  0.000E+00 -0.643E+02  0.000E+00 -0.704E+02 -0.101E+03  0.000E+00 -0.931E+02     664
   665.00000 -0.749E+02  0.000E+00 -0.643E+02  0.000E+00 -0.704E+02 -0.119E+03  0.000E+00 -0.931E+02     665
   666.00000 -0.748E+02  0.000E+00 -0.642E+02  0.000E+00 -0.705E+02 -0.143E+03  0.000E+00 -0.931E+02     666
   667.00000 -0.747E+02  0.000E+00 -0.642E+02  0.000E+00 -0.705E+02 -0.155E+03  0.000E+00 -0.931E+02     667
   668.00000 -0.747E+02  0.000E+00 -0.641E+02  0.000E+00 -0.706E+02 -0.180E+03  0.000E+00 -0.931E+02     668
   669.00000 -0.746E+02  0.000E+00 -0.641E+02  0.000E+00 -0.706E+02 -0.198E+03  0.000E+00 -0.931E+02     669
   670.00000 -0.746E+02  0.000E+00 -0.641E+02  0.000E+00 -0.707E+02 -0.182E+03  0.000E+00 -0.931E+02     670
   671.00000 -0.748E+02  0.000E+00 -0.642E+02  0.000E+00 -0.707E+02 -0.899E+02  0.000E+00 -0.931E+02     671
   672.00000 -0.747E+02  0.000E+00 -0.642E+02  0.000E+00 -0.708E+02 -0.122E+03  0.000E+00 -0.931E+02     672
   673.00000 -0.747E+02  0.000E+00 -0.642E+02  0.000E+00 -0.708E+02 -0.145E+03  0.000E+00 -0.931E+02     673
   674.00000 -0.749E+02  0.000E+00 -0.644E+02  0.000E+00 -0.709E+02 -0.720E+02  0.000E+00 -0.930E+02     674
   675.00000 -0.749E+02  0.000E+00 -0.643E+02  0.000E+00 -0.709E+02 -0.103E+03  0.000E+00 -0.930E+02     675
   676.00000 -0.750E+02  0.000E+00 -0.644E+02  0.000E+00 -0.710E+02 -0.840E+02  0.000E+00 -0.930E+02     676
   677.00000 -0.751E+02  0.000E+00 -0.645E+02  0.000E+00 -0.710E+02 -0.800E+02  0.000E+00 -0.930E+02     677
   678.00000 -0.753E+02  0.000E+00 -0.647E+02  0.000E+00 -0.711E+02 -0.591E+02  0.000E+00 -0.929E+02     678
   679.00000 -0.753E+02  0.000E+00 -0.647E+02  0.000E+00 -0.711E+02 -0.867E+02  0.000E+00 -0.929E+02     679
   680.00000 -0.753E+02  0.000E+00 -0.647E+02  0.000E+00 -0.712E+02 -0.986E+02  0.000E+00 -0.929E+02     680
   681.00000 -0.753E+02  0.000E+00 -0.647E+02  0.000E+00 -0.712E+02 -0.109E+03  0.000E+00 -0.929E+02     681
   682.00000 -0.753E+02  0.000E+00 -0.647E+02  0.000E+00 -0.713E+02 -0.115E+03  0.000E+00 -0.929E+02     682
   683.00000 -0.753E+02  0.000E+00 -0.647E+02  0.000E+00 -0.713E+02 -0.120E+03  0.000E+00 -0.929E+02     683
   684.00000 -0.753E+02  0.000E+00 -0.647E+02  0.000E+00 -0.714E+02 -0.125E+03  0.000E+00 -0.929E+02     684
   685.00000 -0.753E+02  0.000E+00 -0.647E+02  0.000E+00 -0.714E+02 -0.128E+03  0.000E+00 -0.929E+02     685
   686.00000 -0.753E+02  0.000E+00 -0.646E+02  0.000E+00 -0.715E+02 -0.131E+03  0.000E+00 -0.930E+02     686
   687.00000 -0.753E+02  0.000E+00 -0.646E+02  0.000E+00 -0.715E+02 -0.135E+03  0.000E+00 -0.930E+02     687
   688.00000 -0.752E+02  0.000E+00 -0.646E+02  0.000E+00 -0.716E+02 -0.146E+03  0.000E+00 -0.930E+02     688
   689.00000 -0.752E+02  0.000E+00 -0.646E+02  0.000E+00 -0.716E+02 -0.155E+03  0.000E+00 -0.930E+02     689
   690.00000 -0.752E+02  0.000E+00 -0.646E+02  0.000E+00 -0.717E+02 -0.163E+03  0.000E+00 -0.931E+02     690
   691.00000 -0.752E+02  0.000E+00 -0.645E+02  0.000E+00 -0.717E+02 -0.178E+03  0.000E+00 -0.931E+02     691
   692.00000 -0.751E+02  0.000E+00 -0.645E+02  0.000E+00 -0.718E+02 -0.174E+03  0.000E+00 -0.931E+02     692
   693.00000 -0.751E+02  0.000E+00 -0.645E+02  0.000E+00 -0.718E+02 -0.201E+03  0.000E+00 -0.932E+02     693
   694.00000 -0.750E+02  0.000E+00 -0.645E+02  0.000E+00 -0.719E+02 -0.230E+03  0.000E+00 -0.932E+02     694
   695.00000 -0.750E+02  0.000E+00 -0.644E+02  0.000E+00 -0.719E+02 -0.216E+03  0.000E+00 -0.932E+02     695
   696.00000 -0.750E+02  0.000E+00 -0.644E+02  0.000E+00 -0.720E+02 -0.225E+03  0.000E+00 -0.932E+02     696
   697.00000 -0.750E+02  0.000E+00 -0.644E+02  0.000E+00 -0.720E+02 -0.201E+03  0.000E+00 -0.933E+02     697
   698.00000 -0.750E+02  0.000E+00 -0.644E+02  0.000E+00 -0.721E+02 -0.193E+03  0.000E+00 -0.933E+02     698
end
