 ******* Program HYDRUS
 ******* 
 Replicate Fairfield dual perm model using runhydrus                     
 Date:  27. 3.2026    Time:   8:45:57
 Units: L = cm   , T = days , M = mmol 

-----------------------------------------------------
 Time       [T]      0.0000
-----------------------------------------------------
 Sub-region num.                   1
-----------------------------------------------------
 Length   [L]        0.175E+03  0.175E+03
 W-volume [L]        0.425E+02  0.425E+02
 In-flow  [L/T]      0.000E+00  0.000E+00
 h Mean   [L]       -0.150E+03 -0.150E+03
 W-volumeF[L]        0.125E+01  0.125E+01
 In-flowF [L/T]      0.000E+00  0.000E+00
 h MeanF  [L]       -0.150E+03 -0.150E+03
 Top Flux [L/T]     -0.457E-02
 Bot Flux [L/T]     -0.142E-02
-----------------------------------------------------
 
 Calculation time [sec]   2.65000003576279     
